Using pre-set license
Built from '2020.3/staging' branch; Version is '2020.3.33f1 (915a7af8b0d5) revision 9525882'; Using compiler version '192528614'; Build Type 'Release'
OS: 'Windows 10  (10.0.19044) 64bit Professional' Language: 'es' Physical Memory: 8127 MB
BatchMode: 1, IsHumanControllingUs: 0, StartBugReporterOnCrash: 0, Is64bit: 1, IsPro: 0

COMMAND LINE ARGUMENTS:
C:\Program Files\Unity\Hub\Editor\2020.3.33f1\Editor\Unity.exe
-adb2
-batchMode
-noUpm
-name
AssetImportWorker0
-projectPath
C:/Users/juanc/OTRA VEZ
-logFile
Logs/AssetImportWorker0.log
-srvPort
49405
Successfully changed project path to: C:/Users/juanc/OTRA VEZ
C:/Users/juanc/OTRA VEZ
Using Asset Import Pipeline V2.
Refreshing native plugins compatible for Editor in 33.68 ms, found 2 plugins.
Preloading 0 native plugins for Editor in 0.00 ms.
Initialize engine version: 2020.3.33f1 (915a7af8b0d5)
[Subsystems] Discovering subsystems at path C:/Program Files/Unity/Hub/Editor/2020.3.33f1/Editor/Data/Resources/UnitySubsystems
[Subsystems] Discovering subsystems at path C:/Users/juanc/OTRA VEZ/Assets
GfxDevice: creating device client; threaded=0
Direct3D:
    Version:  Direct3D 11.0 [level 11.1]
    Renderer: NVIDIA GeForce GTX 1050 Ti (ID=0x1c82)
    Vendor:   
    VRAM:     4018 MB
    Driver:   31.0.15.1694
Initialize mono
Mono path[0] = 'C:/Program Files/Unity/Hub/Editor/2020.3.33f1/Editor/Data/Managed'
Mono path[1] = 'C:/Program Files/Unity/Hub/Editor/2020.3.33f1/Editor/Data/MonoBleedingEdge/lib/mono/unityjit'
Mono config path = 'C:/Program Files/Unity/Hub/Editor/2020.3.33f1/Editor/Data/MonoBleedingEdge/etc'
Using monoOptions --debugger-agent=transport=dt_socket,embedding=1,server=y,suspend=n,address=127.0.0.1:56816
Begin MonoManager ReloadAssembly
Registering precompiled unity dll's ...
Register platform support module: C:/Program Files/Unity/Hub/Editor/2020.3.33f1/Editor/Data/PlaybackEngines/WebGLSupport/UnityEditor.WebGL.Extensions.dll
Register platform support module: C:/Program Files/Unity/Hub/Editor/2020.3.33f1/Editor/Data/PlaybackEngines/WindowsStandaloneSupport/UnityEditor.WindowsStandalone.Extensions.dll
Registered in 0.002547 seconds.
Native extension for WindowsStandalone target not found
Native extension for WebGL target not found
Refreshing native plugins compatible for Editor in 32.08 ms, found 2 plugins.
Preloading 0 native plugins for Editor in 0.00 ms.
Mono: successfully reloaded assembly
- Completed reload, in  0.579 seconds
Domain Reload Profiling:
	ReloadAssembly (579ms)
		BeginReloadAssembly (69ms)
			ExecutionOrderSort (0ms)
			DisableScriptedObjects (0ms)
			BackupInstance (0ms)
			ReleaseScriptingObjects (0ms)
			CreateAndSetChildDomain (1ms)
		EndReloadAssembly (439ms)
			LoadAssemblies (70ms)
			RebuildTransferFunctionScriptingTraits (0ms)
			SetupTypeCache (148ms)
			ReleaseScriptCaches (0ms)
			RebuildScriptCaches (29ms)
			SetupLoadedEditorAssemblies (157ms)
				LogAssemblyErrors (0ms)
				InitializePlatformSupportModulesInManaged (5ms)
				SetLoadedEditorAssemblies (0ms)
				RefreshPlugins (32ms)
				BeforeProcessingInitializeOnLoad (13ms)
				ProcessInitializeOnLoadAttributes (78ms)
				ProcessInitializeOnLoadMethodAttributes (28ms)
				AfterProcessingInitializeOnLoad (0ms)
				EditorAssembliesLoaded (0ms)
			ExecutionOrderSort2 (0ms)
			AwakeInstancesAfterBackupRestoration (0ms)
Platform modules already initialized, skipping
Registering precompiled user dll's ...
Registered in 0.003412 seconds.
Begin MonoManager ReloadAssembly
Symbol file LoadedFromMemory doesn't match image C:\Users\juanc\OTRA VEZ\Library\PackageCache\com.unity.collab-proxy@1.15.15\Lib\Editor\PlasticSCM\unityplastic.dll
Native extension for WindowsStandalone target not found
Native extension for WebGL target not found
Refreshing native plugins compatible for Editor in 0.37 ms, found 2 plugins.
Preloading 0 native plugins for Editor in 0.00 ms.
Mono: successfully reloaded assembly
- Completed reload, in  1.338 seconds
Domain Reload Profiling:
	ReloadAssembly (1339ms)
		BeginReloadAssembly (152ms)
			ExecutionOrderSort (0ms)
			DisableScriptedObjects (4ms)
			BackupInstance (0ms)
			ReleaseScriptingObjects (0ms)
			CreateAndSetChildDomain (18ms)
		EndReloadAssembly (1123ms)
			LoadAssemblies (122ms)
			RebuildTransferFunctionScriptingTraits (0ms)
			SetupTypeCache (272ms)
			ReleaseScriptCaches (0ms)
			RebuildScriptCaches (47ms)
			SetupLoadedEditorAssemblies (484ms)
				LogAssemblyErrors (0ms)
				InitializePlatformSupportModulesInManaged (6ms)
				SetLoadedEditorAssemblies (0ms)
				RefreshPlugins (0ms)
				BeforeProcessingInitializeOnLoad (283ms)
				ProcessInitializeOnLoadAttributes (174ms)
				ProcessInitializeOnLoadMethodAttributes (12ms)
				AfterProcessingInitializeOnLoad (8ms)
				EditorAssembliesLoaded (0ms)
			ExecutionOrderSort2 (0ms)
			AwakeInstancesAfterBackupRestoration (6ms)
Platform modules already initialized, skipping
========================================================================
Worker process is ready to serve import requests
Launched and connected shader compiler UnityShaderCompiler.exe after 0.05 seconds
Refreshing native plugins compatible for Editor in 0.60 ms, found 2 plugins.
Preloading 0 native plugins for Editor in 0.00 ms.
Unloading 1557 Unused Serialized files (Serialized files now loaded: 0)
System memory in use before: 72.4 MB.
System memory in use after: 72.4 MB.

Unloading 16 unused Assets to reduce memory usage. Loaded Objects now: 1993.
Total: 3.543900 ms (FindLiveObjects: 0.419500 ms CreateObjectMapping: 0.123100 ms MarkObjects: 2.920700 ms  DeleteObjects: 0.078100 ms)

AssetImportParameters requested are different than current active one (requested -> active):
  custom:framework-win-MediaFoundation: 216162199b28c13a410421893ffa2e32 -> 
  custom:video-decoder-ogg-theora: a1e56fd34408186e4bbccfd4996cb3dc -> 
  custom:container-muxer-webm: aa71ff27fc2769a1b78a27578f13a17b -> 
  custom:container-demuxer-webm: 4f35f7cbe854078d1ac9338744f61a02 -> 
  custom:container-demuxer-ogg: 62fdf1f143b41e24485cea50d1cbac27 -> 
  custom:video-encoder-webm-vp8: eb34c28f22e8b96e1ab97ce403110664 -> 
  custom:video-decoder-webm-vp8: 9c59270c3fd7afecdb556c50c9e8de78 -> 
  custom:audio-decoder-ogg-vorbis: bf7c407c2cedff20999df2af8eb42d56 -> 
  custom:audio-encoder-webm-vorbis: bf7c407c2cedff20999df2af8eb42d56 -> 
========================================================================
Received Import Request.
  path: Assets/_CompletedAssets/Scenes
  artifactKey: Guid(5e9c7fc7353f45146a1dcdb3a3292294) Importer(815301076,1909f56bfc062723c751e8b465ee728b)
Start importing Assets/_CompletedAssets/Scenes using Guid(5e9c7fc7353f45146a1dcdb3a3292294) Importer(815301076,1909f56bfc062723c751e8b465ee728b)  -> (artifact id: '4f4f904fecd8ee7cb0ee84a245d391b9') in 0.008202 seconds 
========================================================================
Received Import Request.
  Time since last request: 0.000252 seconds.
  path: Assets/_CompletedAssets/Scenes/Level 01 5.x.unity
  artifactKey: Guid(4d9d4f0b1ee390844b6bdfa30d042b47) Importer(815301076,1909f56bfc062723c751e8b465ee728b)
Start importing Assets/_CompletedAssets/Scenes/Level 01 5.x.unity using Guid(4d9d4f0b1ee390844b6bdfa30d042b47) Importer(815301076,1909f56bfc062723c751e8b465ee728b)  -> (artifact id: 'c487ba7472ab12dbf686447981cbab67') in 0.008187 seconds 
========================================================================
Received Import Request.
  Time since last request: 0.000214 seconds.
  path: Assets/_CompletedAssets
  artifactKey: Guid(b5b6519be420e4849b6fdaffd3845119) Importer(815301076,1909f56bfc062723c751e8b465ee728b)
Start importing Assets/_CompletedAssets using Guid(b5b6519be420e4849b6fdaffd3845119) Importer(815301076,1909f56bfc062723c751e8b465ee728b)  -> (artifact id: '5b0aeed64d1e61ac0eb3c8a164153df3') in 0.011161 seconds 
========================================================================
Received Import Request.
  Time since last request: 21.913013 seconds.
  path: Assets/_CompletedAssets/Prefabs/Hellephant.prefab
  artifactKey: Guid(548c56f4bcf4db24b8aa057e9846a005) Importer(815301076,1909f56bfc062723c751e8b465ee728b)
Start importing Assets/_CompletedAssets/Prefabs/Hellephant.prefab using Guid(548c56f4bcf4db24b8aa057e9846a005) Importer(815301076,1909f56bfc062723c751e8b465ee728b) Diagnostics callstack to track who triggered the sub-import:
0x00007ff7463692a2 (Unity) ImporterAssetResolver::ResolveAsset
0x00007ff74633a7a2 (Unity) ResolveArtifactV2
0x00007ff746353fa0 (Unity) ImportToObjects
0x00007ff7463533a8 (Unity) ImportAsset
0x00007ff7462ebe18 (Unity) AssetImportWorker::Import
0x00007ff746311f8c (Unity) <lambda_b123f039090cb0dbc945ab4402a71fca>::operator()
0x00007ff74639a882 (Unity) asio::detail::completion_handler<core::mutable_function<void __cdecl(void)> >::do_complete
0x00007ff74639c9e0 (Unity) asio::detail::win_iocp_io_service::do_one
0x00007ff7463a015e (Unity) asio::io_service::run
0x00007ff74633b4bb (Unity) RunAssetImportWorkerClientV2
0x00007ff74633b510 (Unity) RunAssetImporterV2
0x00007ff745db40d9 (Unity) Application::InitializeProject
0x00007ff7462330d2 (Unity) WinMain
0x00007ff7478d5f3e (Unity) __scrt_common_main_seh
0x00007ffe8ffe7034 (KERNEL32) BaseThreadInitThunk
0x00007ffe90fe2651 (ntdll) RtlUserThreadStart

Requesting import of Guid(548c56f4bcf4db24b8aa057e9846a005) Importer(-1,00000000000000000000000000000000), Assets/_CompletedAssets/Prefabs/Hellephant.prefab from editor
Resuming Guid(548c56f4bcf4db24b8aa057e9846a005) Importer(-1,00000000000000000000000000000000) -> 63bb13c657dc9480a43c78f6867d4e0d 
Assertion failed on expression: 'state.state == kUpToDate'
Assertion failed on expression: 'state.artifactID == result'
Diagnostics callstack to track who triggered the sub-import:
0x00007ff7463692a2 (Unity) ImporterAssetResolver::ResolveAsset
0x00007ff74633a7a2 (Unity) ResolveArtifactV2
0x00007ff7463327e1 (Unity) ProduceArtifactV2
0x00007ff7462c7a7e (Unity) AssetDatabase::ProduceArtifact
0x00007ff7462b1528 (Unity) PreviewImporter::GenerateAssetData
0x00007ff7463543d3 (Unity) ImportToObjects
0x00007ff7463533a8 (Unity) ImportAsset
0x00007ff7462ebe18 (Unity) AssetImportWorker::Import
0x00007ff746311f8c (Unity) <lambda_b123f039090cb0dbc945ab4402a71fca>::operator()
0x00007ff74639a882 (Unity) asio::detail::completion_handler<core::mutable_function<void __cdecl(void)> >::do_complete
0x00007ff74639c9e0 (Unity) asio::detail::win_iocp_io_service::do_one
0x00007ff7463a015e (Unity) asio::io_service::run
0x00007ff74633b4bb (Unity) RunAssetImportWorkerClientV2
0x00007ff74633b510 (Unity) RunAssetImporterV2
0x00007ff745db40d9 (Unity) Application::InitializeProject
0x00007ff7462330d2 (Unity) WinMain
0x00007ff7478d5f3e (Unity) __scrt_common_main_seh
0x00007ffe8ffe7034 (KERNEL32) BaseThreadInitThunk
0x00007ffe90fe2651 (ntdll) RtlUserThreadStart

Requesting import of Guid(548c56f4bcf4db24b8aa057e9846a005) Importer(-1,00000000000000000000000000000000), Assets/_CompletedAssets/Prefabs/Hellephant.prefab from editor
Resuming Guid(548c56f4bcf4db24b8aa057e9846a005) Importer(-1,00000000000000000000000000000000) -> 63bb13c657dc9480a43c78f6867d4e0d 
Assertion failed on expression: 'state.state == kUpToDate'
Assertion failed on expression: 'state.artifactID == result'
 -> (artifact id: '00e65648601dce44c6796fd7a7c96650') in 0.841488 seconds 
========================================================================
Received Import Request.
  Time since last request: 0.000258 seconds.
  path: Assets/_CompletedAssets/Prefabs/ZomBunny.prefab
  artifactKey: Guid(e5171f72421770240bd7c3989fe351e3) Importer(815301076,1909f56bfc062723c751e8b465ee728b)
Start importing Assets/_CompletedAssets/Prefabs/ZomBunny.prefab using Guid(e5171f72421770240bd7c3989fe351e3) Importer(815301076,1909f56bfc062723c751e8b465ee728b) Diagnostics callstack to track who triggered the sub-import:
0x00007ff7463692a2 (Unity) ImporterAssetResolver::ResolveAsset
0x00007ff74633a7a2 (Unity) ResolveArtifactV2
0x00007ff746353fa0 (Unity) ImportToObjects
0x00007ff7463533a8 (Unity) ImportAsset
0x00007ff7462ebe18 (Unity) AssetImportWorker::Import
0x00007ff746311f8c (Unity) <lambda_b123f039090cb0dbc945ab4402a71fca>::operator()
0x00007ff74639a882 (Unity) asio::detail::completion_handler<core::mutable_function<void __cdecl(void)> >::do_complete
0x00007ff74639c9e0 (Unity) asio::detail::win_iocp_io_service::do_one
0x00007ff7463a015e (Unity) asio::io_service::run
0x00007ff74633b4bb (Unity) RunAssetImportWorkerClientV2
0x00007ff74633b510 (Unity) RunAssetImporterV2
0x00007ff745db40d9 (Unity) Application::InitializeProject
0x00007ff7462330d2 (Unity) WinMain
0x00007ff7478d5f3e (Unity) __scrt_common_main_seh
0x00007ffe8ffe7034 (KERNEL32) BaseThreadInitThunk
0x00007ffe90fe2651 (ntdll) RtlUserThreadStart

Requesting import of Guid(e5171f72421770240bd7c3989fe351e3) Importer(-1,00000000000000000000000000000000), Assets/_CompletedAssets/Prefabs/ZomBunny.prefab from editor
Resuming Guid(e5171f72421770240bd7c3989fe351e3) Importer(-1,00000000000000000000000000000000) -> e80aedaf1f198c3eecb5ac78e7db0fbb 
Assertion failed on expression: 'state.state == kUpToDate'
Assertion failed on expression: 'state.artifactID == result'
Diagnostics callstack to track who triggered the sub-import:
0x00007ff7463692a2 (Unity) ImporterAssetResolver::ResolveAsset
0x00007ff74633a7a2 (Unity) ResolveArtifactV2
0x00007ff7463327e1 (Unity) ProduceArtifactV2
0x00007ff7462c7a7e (Unity) AssetDatabase::ProduceArtifact
0x00007ff7462b1528 (Unity) PreviewImporter::GenerateAssetData
0x00007ff7463543d3 (Unity) ImportToObjects
0x00007ff7463533a8 (Unity) ImportAsset
0x00007ff7462ebe18 (Unity) AssetImportWorker::Import
0x00007ff746311f8c (Unity) <lambda_b123f039090cb0dbc945ab4402a71fca>::operator()
0x00007ff74639a882 (Unity) asio::detail::completion_handler<core::mutable_function<void __cdecl(void)> >::do_complete
0x00007ff74639c9e0 (Unity) asio::detail::win_iocp_io_service::do_one
0x00007ff7463a015e (Unity) asio::io_service::run
0x00007ff74633b4bb (Unity) RunAssetImportWorkerClientV2
0x00007ff74633b510 (Unity) RunAssetImporterV2
0x00007ff745db40d9 (Unity) Application::InitializeProject
0x00007ff7462330d2 (Unity) WinMain
0x00007ff7478d5f3e (Unity) __scrt_common_main_seh
0x00007ffe8ffe7034 (KERNEL32) BaseThreadInitThunk
0x00007ffe90fe2651 (ntdll) RtlUserThreadStart

Requesting import of Guid(e5171f72421770240bd7c3989fe351e3) Importer(-1,00000000000000000000000000000000), Assets/_CompletedAssets/Prefabs/ZomBunny.prefab from editor
Resuming Guid(e5171f72421770240bd7c3989fe351e3) Importer(-1,00000000000000000000000000000000) -> e80aedaf1f198c3eecb5ac78e7db0fbb 
Assertion failed on expression: 'state.state == kUpToDate'
Assertion failed on expression: 'state.artifactID == result'
 -> (artifact id: 'e36d3593e7bb97b9ef0d34f7bf4c7a59') in 0.010687 seconds 
========================================================================
Received Import Request.
  Time since last request: 0.000207 seconds.
  path: Assets/_CompletedAssets/Prefabs/Player.prefab
  artifactKey: Guid(4e5a0d387dc27394b81600988ad0216f) Importer(815301076,1909f56bfc062723c751e8b465ee728b)
Start importing Assets/_CompletedAssets/Prefabs/Player.prefab using Guid(4e5a0d387dc27394b81600988ad0216f) Importer(815301076,1909f56bfc062723c751e8b465ee728b) Diagnostics callstack to track who triggered the sub-import:
0x00007ff7463692a2 (Unity) ImporterAssetResolver::ResolveAsset
0x00007ff74633a7a2 (Unity) ResolveArtifactV2
0x00007ff746353fa0 (Unity) ImportToObjects
0x00007ff7463533a8 (Unity) ImportAsset
0x00007ff7462ebe18 (Unity) AssetImportWorker::Import
0x00007ff746311f8c (Unity) <lambda_b123f039090cb0dbc945ab4402a71fca>::operator()
0x00007ff74639a882 (Unity) asio::detail::completion_handler<core::mutable_function<void __cdecl(void)> >::do_complete
0x00007ff74639c9e0 (Unity) asio::detail::win_iocp_io_service::do_one
0x00007ff7463a015e (Unity) asio::io_service::run
0x00007ff74633b4bb (Unity) RunAssetImportWorkerClientV2
0x00007ff74633b510 (Unity) RunAssetImporterV2
0x00007ff745db40d9 (Unity) Application::InitializeProject
0x00007ff7462330d2 (Unity) WinMain
0x00007ff7478d5f3e (Unity) __scrt_common_main_seh
0x00007ffe8ffe7034 (KERNEL32) BaseThreadInitThunk
0x00007ffe90fe2651 (ntdll) RtlUserThreadStart

Requesting import of Guid(4e5a0d387dc27394b81600988ad0216f) Importer(-1,00000000000000000000000000000000), Assets/_CompletedAssets/Prefabs/Player.prefab from editor
Resuming Guid(4e5a0d387dc27394b81600988ad0216f) Importer(-1,00000000000000000000000000000000) -> b9bb32df1cbcec82c5ab33aac0dcbc19 
Assertion failed on expression: 'state.state == kUpToDate'
Assertion failed on expression: 'state.artifactID == result'
Diagnostics callstack to track who triggered the sub-import:
0x00007ff7463692a2 (Unity) ImporterAssetResolver::ResolveAsset
0x00007ff74633a7a2 (Unity) ResolveArtifactV2
0x00007ff7463327e1 (Unity) ProduceArtifactV2
0x00007ff7462c7a7e (Unity) AssetDatabase::ProduceArtifact
0x00007ff7462b1528 (Unity) PreviewImporter::GenerateAssetData
0x00007ff7463543d3 (Unity) ImportToObjects
0x00007ff7463533a8 (Unity) ImportAsset
0x00007ff7462ebe18 (Unity) AssetImportWorker::Import
0x00007ff746311f8c (Unity) <lambda_b123f039090cb0dbc945ab4402a71fca>::operator()
0x00007ff74639a882 (Unity) asio::detail::completion_handler<core::mutable_function<void __cdecl(void)> >::do_complete
0x00007ff74639c9e0 (Unity) asio::detail::win_iocp_io_service::do_one
0x00007ff7463a015e (Unity) asio::io_service::run
0x00007ff74633b4bb (Unity) RunAssetImportWorkerClientV2
0x00007ff74633b510 (Unity) RunAssetImporterV2
0x00007ff745db40d9 (Unity) Application::InitializeProject
0x00007ff7462330d2 (Unity) WinMain
0x00007ff7478d5f3e (Unity) __scrt_common_main_seh
0x00007ffe8ffe7034 (KERNEL32) BaseThreadInitThunk
0x00007ffe90fe2651 (ntdll) RtlUserThreadStart

Requesting import of Guid(4e5a0d387dc27394b81600988ad0216f) Importer(-1,00000000000000000000000000000000), Assets/_CompletedAssets/Prefabs/Player.prefab from editor
Resuming Guid(4e5a0d387dc27394b81600988ad0216f) Importer(-1,00000000000000000000000000000000) -> b9bb32df1cbcec82c5ab33aac0dcbc19 
Assertion failed on expression: 'state.state == kUpToDate'
Assertion failed on expression: 'state.artifactID == result'
 -> (artifact id: '3f9a0b0909aa26024d845c51a139d18a') in 0.009399 seconds 
========================================================================
Received Import Request.
  Time since last request: 0.000241 seconds.
  path: Assets/_CompletedAssets/Prefabs/ZomBear.prefab
  artifactKey: Guid(ea3c2728ef33e3a4d99527a86cda6465) Importer(815301076,1909f56bfc062723c751e8b465ee728b)
Start importing Assets/_CompletedAssets/Prefabs/ZomBear.prefab using Guid(ea3c2728ef33e3a4d99527a86cda6465) Importer(815301076,1909f56bfc062723c751e8b465ee728b) Diagnostics callstack to track who triggered the sub-import:
0x00007ff7463692a2 (Unity) ImporterAssetResolver::ResolveAsset
0x00007ff74633a7a2 (Unity) ResolveArtifactV2
0x00007ff746353fa0 (Unity) ImportToObjects
0x00007ff7463533a8 (Unity) ImportAsset
0x00007ff7462ebe18 (Unity) AssetImportWorker::Import
0x00007ff746311f8c (Unity) <lambda_b123f039090cb0dbc945ab4402a71fca>::operator()
0x00007ff74639a882 (Unity) asio::detail::completion_handler<core::mutable_function<void __cdecl(void)> >::do_complete
0x00007ff74639c9e0 (Unity) asio::detail::win_iocp_io_service::do_one
0x00007ff7463a015e (Unity) asio::io_service::run
0x00007ff74633b4bb (Unity) RunAssetImportWorkerClientV2
0x00007ff74633b510 (Unity) RunAssetImporterV2
0x00007ff745db40d9 (Unity) Application::InitializeProject
0x00007ff7462330d2 (Unity) WinMain
0x00007ff7478d5f3e (Unity) __scrt_common_main_seh
0x00007ffe8ffe7034 (KERNEL32) BaseThreadInitThunk
0x00007ffe90fe2651 (ntdll) RtlUserThreadStart

Requesting import of Guid(ea3c2728ef33e3a4d99527a86cda6465) Importer(-1,00000000000000000000000000000000), Assets/_CompletedAssets/Prefabs/ZomBear.prefab from editor
Resuming Guid(ea3c2728ef33e3a4d99527a86cda6465) Importer(-1,00000000000000000000000000000000) -> 1c29d1f52e278cdda7436a82435b1b1d 
Assertion failed on expression: 'state.state == kUpToDate'
Assertion failed on expression: 'state.artifactID == result'
Diagnostics callstack to track who triggered the sub-import:
0x00007ff7463692a2 (Unity) ImporterAssetResolver::ResolveAsset
0x00007ff74633a7a2 (Unity) ResolveArtifactV2
0x00007ff7463327e1 (Unity) ProduceArtifactV2
0x00007ff7462c7a7e (Unity) AssetDatabase::ProduceArtifact
0x00007ff7462b1528 (Unity) PreviewImporter::GenerateAssetData
0x00007ff7463543d3 (Unity) ImportToObjects
0x00007ff7463533a8 (Unity) ImportAsset
0x00007ff7462ebe18 (Unity) AssetImportWorker::Import
0x00007ff746311f8c (Unity) <lambda_b123f039090cb0dbc945ab4402a71fca>::operator()
0x00007ff74639a882 (Unity) asio::detail::completion_handler<core::mutable_function<void __cdecl(void)> >::do_complete
0x00007ff74639c9e0 (Unity) asio::detail::win_iocp_io_service::do_one
0x00007ff7463a015e (Unity) asio::io_service::run
0x00007ff74633b4bb (Unity) RunAssetImportWorkerClientV2
0x00007ff74633b510 (Unity) RunAssetImporterV2
0x00007ff745db40d9 (Unity) Application::InitializeProject
0x00007ff7462330d2 (Unity) WinMain
0x00007ff7478d5f3e (Unity) __scrt_common_main_seh
0x00007ffe8ffe7034 (KERNEL32) BaseThreadInitThunk
0x00007ffe90fe2651 (ntdll) RtlUserThreadStart

Requesting import of Guid(ea3c2728ef33e3a4d99527a86cda6465) Importer(-1,00000000000000000000000000000000), Assets/_CompletedAssets/Prefabs/ZomBear.prefab from editor
Resuming Guid(ea3c2728ef33e3a4d99527a86cda6465) Importer(-1,00000000000000000000000000000000) -> 1c29d1f52e278cdda7436a82435b1b1d 
Assertion failed on expression: 'state.state == kUpToDate'
Assertion failed on expression: 'state.artifactID == result'
 -> (artifact id: '69876ba6a83abc43ec58bc80580a6c18') in 0.009197 seconds 
========================================================================
Received Import Request.
  Time since last request: 186.208117 seconds.
  path: Assets/_CompletedAssets/Prefabs/Hellephant.prefab
  artifactKey: Guid(548c56f4bcf4db24b8aa057e9846a005) Importer(815301076,1909f56bfc062723c751e8b465ee728b)
Start importing Assets/_CompletedAssets/Prefabs/Hellephant.prefab using Guid(548c56f4bcf4db24b8aa057e9846a005) Importer(815301076,1909f56bfc062723c751e8b465ee728b) Diagnostics callstack to track who triggered the sub-import:
0x00007ff7463692a2 (Unity) ImporterAssetResolver::ResolveAsset
0x00007ff74633a7a2 (Unity) ResolveArtifactV2
0x00007ff746353fa0 (Unity) ImportToObjects
0x00007ff7463533a8 (Unity) ImportAsset
0x00007ff7462ebe18 (Unity) AssetImportWorker::Import
0x00007ff746311f8c (Unity) <lambda_b123f039090cb0dbc945ab4402a71fca>::operator()
0x00007ff74639a882 (Unity) asio::detail::completion_handler<core::mutable_function<void __cdecl(void)> >::do_complete
0x00007ff74639c9e0 (Unity) asio::detail::win_iocp_io_service::do_one
0x00007ff7463a015e (Unity) asio::io_service::run
0x00007ff74633b4bb (Unity) RunAssetImportWorkerClientV2
0x00007ff74633b510 (Unity) RunAssetImporterV2
0x00007ff745db40d9 (Unity) Application::InitializeProject
0x00007ff7462330d2 (Unity) WinMain
0x00007ff7478d5f3e (Unity) __scrt_common_main_seh
0x00007ffe8ffe7034 (KERNEL32) BaseThreadInitThunk
0x00007ffe90fe2651 (ntdll) RtlUserThreadStart

Requesting import of Guid(548c56f4bcf4db24b8aa057e9846a005) Importer(-1,00000000000000000000000000000000), Assets/_CompletedAssets/Prefabs/Hellephant.prefab from editor
Resuming Guid(548c56f4bcf4db24b8aa057e9846a005) Importer(-1,00000000000000000000000000000000) -> 63bb13c657dc9480a43c78f6867d4e0d 
Assertion failed on expression: 'state.state == kUpToDate'
Assertion failed on expression: 'state.artifactID == result'
Diagnostics callstack to track who triggered the sub-import:
0x00007ff7463692a2 (Unity) ImporterAssetResolver::ResolveAsset
0x00007ff74633a7a2 (Unity) ResolveArtifactV2
0x00007ff7463327e1 (Unity) ProduceArtifactV2
0x00007ff7462c7a7e (Unity) AssetDatabase::ProduceArtifact
0x00007ff7462b1528 (Unity) PreviewImporter::GenerateAssetData
0x00007ff7463543d3 (Unity) ImportToObjects
0x00007ff7463533a8 (Unity) ImportAsset
0x00007ff7462ebe18 (Unity) AssetImportWorker::Import
0x00007ff746311f8c (Unity) <lambda_b123f039090cb0dbc945ab4402a71fca>::operator()
0x00007ff74639a882 (Unity) asio::detail::completion_handler<core::mutable_function<void __cdecl(void)> >::do_complete
0x00007ff74639c9e0 (Unity) asio::detail::win_iocp_io_service::do_one
0x00007ff7463a015e (Unity) asio::io_service::run
0x00007ff74633b4bb (Unity) RunAssetImportWorkerClientV2
0x00007ff74633b510 (Unity) RunAssetImporterV2
0x00007ff745db40d9 (Unity) Application::InitializeProject
0x00007ff7462330d2 (Unity) WinMain
0x00007ff7478d5f3e (Unity) __scrt_common_main_seh
0x00007ffe8ffe7034 (KERNEL32) BaseThreadInitThunk
0x00007ffe90fe2651 (ntdll) RtlUserThreadStart

Requesting import of Guid(548c56f4bcf4db24b8aa057e9846a005) Importer(-1,00000000000000000000000000000000), Assets/_CompletedAssets/Prefabs/Hellephant.prefab from editor
Resuming Guid(548c56f4bcf4db24b8aa057e9846a005) Importer(-1,00000000000000000000000000000000) -> 63bb13c657dc9480a43c78f6867d4e0d 
Assertion failed on expression: 'state.state == kUpToDate'
Assertion failed on expression: 'state.artifactID == result'
 -> (artifact id: '00e65648601dce44c6796fd7a7c96650') in 0.007781 seconds 
========================================================================
Received Import Request.
  Time since last request: 0.000386 seconds.
  path: Assets/_CompletedAssets/Prefabs/ZomBunny.prefab
  artifactKey: Guid(e5171f72421770240bd7c3989fe351e3) Importer(815301076,1909f56bfc062723c751e8b465ee728b)
Start importing Assets/_CompletedAssets/Prefabs/ZomBunny.prefab using Guid(e5171f72421770240bd7c3989fe351e3) Importer(815301076,1909f56bfc062723c751e8b465ee728b) Diagnostics callstack to track who triggered the sub-import:
0x00007ff7463692a2 (Unity) ImporterAssetResolver::ResolveAsset
0x00007ff74633a7a2 (Unity) ResolveArtifactV2
0x00007ff746353fa0 (Unity) ImportToObjects
0x00007ff7463533a8 (Unity) ImportAsset
0x00007ff7462ebe18 (Unity) AssetImportWorker::Import
0x00007ff746311f8c (Unity) <lambda_b123f039090cb0dbc945ab4402a71fca>::operator()
0x00007ff74639a882 (Unity) asio::detail::completion_handler<core::mutable_function<void __cdecl(void)> >::do_complete
0x00007ff74639c9e0 (Unity) asio::detail::win_iocp_io_service::do_one
0x00007ff7463a015e (Unity) asio::io_service::run
0x00007ff74633b4bb (Unity) RunAssetImportWorkerClientV2
0x00007ff74633b510 (Unity) RunAssetImporterV2
0x00007ff745db40d9 (Unity) Application::InitializeProject
0x00007ff7462330d2 (Unity) WinMain
0x00007ff7478d5f3e (Unity) __scrt_common_main_seh
0x00007ffe8ffe7034 (KERNEL32) BaseThreadInitThunk
0x00007ffe90fe2651 (ntdll) RtlUserThreadStart

Requesting import of Guid(e5171f72421770240bd7c3989fe351e3) Importer(-1,00000000000000000000000000000000), Assets/_CompletedAssets/Prefabs/ZomBunny.prefab from editor
Resuming Guid(e5171f72421770240bd7c3989fe351e3) Importer(-1,00000000000000000000000000000000) -> e80aedaf1f198c3eecb5ac78e7db0fbb 
Assertion failed on expression: 'state.state == kUpToDate'
Assertion failed on expression: 'state.artifactID == result'
Diagnostics callstack to track who triggered the sub-import:
0x00007ff7463692a2 (Unity) ImporterAssetResolver::ResolveAsset
0x00007ff74633a7a2 (Unity) ResolveArtifactV2
0x00007ff7463327e1 (Unity) ProduceArtifactV2
0x00007ff7462c7a7e (Unity) AssetDatabase::ProduceArtifact
0x00007ff7462b1528 (Unity) PreviewImporter::GenerateAssetData
0x00007ff7463543d3 (Unity) ImportToObjects
0x00007ff7463533a8 (Unity) ImportAsset
0x00007ff7462ebe18 (Unity) AssetImportWorker::Import
0x00007ff746311f8c (Unity) <lambda_b123f039090cb0dbc945ab4402a71fca>::operator()
0x00007ff74639a882 (Unity) asio::detail::completion_handler<core::mutable_function<void __cdecl(void)> >::do_complete
0x00007ff74639c9e0 (Unity) asio::detail::win_iocp_io_service::do_one
0x00007ff7463a015e (Unity) asio::io_service::run
0x00007ff74633b4bb (Unity) RunAssetImportWorkerClientV2
0x00007ff74633b510 (Unity) RunAssetImporterV2
0x00007ff745db40d9 (Unity) Application::InitializeProject
0x00007ff7462330d2 (Unity) WinMain
0x00007ff7478d5f3e (Unity) __scrt_common_main_seh
0x00007ffe8ffe7034 (KERNEL32) BaseThreadInitThunk
0x00007ffe90fe2651 (ntdll) RtlUserThreadStart

Requesting import of Guid(e5171f72421770240bd7c3989fe351e3) Importer(-1,00000000000000000000000000000000), Assets/_CompletedAssets/Prefabs/ZomBunny.prefab from editor
Resuming Guid(e5171f72421770240bd7c3989fe351e3) Importer(-1,00000000000000000000000000000000) -> e80aedaf1f198c3eecb5ac78e7db0fbb 
Assertion failed on expression: 'state.state == kUpToDate'
Assertion failed on expression: 'state.artifactID == result'
 -> (artifact id: 'e36d3593e7bb97b9ef0d34f7bf4c7a59') in 0.005095 seconds 
========================================================================
Received Import Request.
  Time since last request: 0.000219 seconds.
  path: Assets/_CompletedAssets/Prefabs/Player.prefab
  artifactKey: Guid(4e5a0d387dc27394b81600988ad0216f) Importer(815301076,1909f56bfc062723c751e8b465ee728b)
Start importing Assets/_CompletedAssets/Prefabs/Player.prefab using Guid(4e5a0d387dc27394b81600988ad0216f) Importer(815301076,1909f56bfc062723c751e8b465ee728b) Diagnostics callstack to track who triggered the sub-import:
0x00007ff7463692a2 (Unity) ImporterAssetResolver::ResolveAsset
0x00007ff74633a7a2 (Unity) ResolveArtifactV2
0x00007ff746353fa0 (Unity) ImportToObjects
0x00007ff7463533a8 (Unity) ImportAsset
0x00007ff7462ebe18 (Unity) AssetImportWorker::Import
0x00007ff746311f8c (Unity) <lambda_b123f039090cb0dbc945ab4402a71fca>::operator()
0x00007ff74639a882 (Unity) asio::detail::completion_handler<core::mutable_function<void __cdecl(void)> >::do_complete
0x00007ff74639c9e0 (Unity) asio::detail::win_iocp_io_service::do_one
0x00007ff7463a015e (Unity) asio::io_service::run
0x00007ff74633b4bb (Unity) RunAssetImportWorkerClientV2
0x00007ff74633b510 (Unity) RunAssetImporterV2
0x00007ff745db40d9 (Unity) Application::InitializeProject
0x00007ff7462330d2 (Unity) WinMain
0x00007ff7478d5f3e (Unity) __scrt_common_main_seh
0x00007ffe8ffe7034 (KERNEL32) BaseThreadInitThunk
0x00007ffe90fe2651 (ntdll) RtlUserThreadStart

Requesting import of Guid(4e5a0d387dc27394b81600988ad0216f) Importer(-1,00000000000000000000000000000000), Assets/_CompletedAssets/Prefabs/Player.prefab from editor
Resuming Guid(4e5a0d387dc27394b81600988ad0216f) Importer(-1,00000000000000000000000000000000) -> b9bb32df1cbcec82c5ab33aac0dcbc19 
Assertion failed on expression: 'state.state == kUpToDate'
Assertion failed on expression: 'state.artifactID == result'
Diagnostics callstack to track who triggered the sub-import:
0x00007ff7463692a2 (Unity) ImporterAssetResolver::ResolveAsset
0x00007ff74633a7a2 (Unity) ResolveArtifactV2
0x00007ff7463327e1 (Unity) ProduceArtifactV2
0x00007ff7462c7a7e (Unity) AssetDatabase::ProduceArtifact
0x00007ff7462b1528 (Unity) PreviewImporter::GenerateAssetData
0x00007ff7463543d3 (Unity) ImportToObjects
0x00007ff7463533a8 (Unity) ImportAsset
0x00007ff7462ebe18 (Unity) AssetImportWorker::Import
0x00007ff746311f8c (Unity) <lambda_b123f039090cb0dbc945ab4402a71fca>::operator()
0x00007ff74639a882 (Unity) asio::detail::completion_handler<core::mutable_function<void __cdecl(void)> >::do_complete
0x00007ff74639c9e0 (Unity) asio::detail::win_iocp_io_service::do_one
0x00007ff7463a015e (Unity) asio::io_service::run
0x00007ff74633b4bb (Unity) RunAssetImportWorkerClientV2
0x00007ff74633b510 (Unity) RunAssetImporterV2
0x00007ff745db40d9 (Unity) Application::InitializeProject
0x00007ff7462330d2 (Unity) WinMain
0x00007ff7478d5f3e (Unity) __scrt_common_main_seh
0x00007ffe8ffe7034 (KERNEL32) BaseThreadInitThunk
0x00007ffe90fe2651 (ntdll) RtlUserThreadStart

Requesting import of Guid(4e5a0d387dc27394b81600988ad0216f) Importer(-1,00000000000000000000000000000000), Assets/_CompletedAssets/Prefabs/Player.prefab from editor
Resuming Guid(4e5a0d387dc27394b81600988ad0216f) Importer(-1,00000000000000000000000000000000) -> b9bb32df1cbcec82c5ab33aac0dcbc19 
Assertion failed on expression: 'state.state == kUpToDate'
Assertion failed on expression: 'state.artifactID == result'
 -> (artifact id: '3f9a0b0909aa26024d845c51a139d18a') in 0.005722 seconds 
========================================================================
Received Import Request.
  Time since last request: 0.000226 seconds.
  path: Assets/_CompletedAssets/Prefabs/ZomBear.prefab
  artifactKey: Guid(ea3c2728ef33e3a4d99527a86cda6465) Importer(815301076,1909f56bfc062723c751e8b465ee728b)
Start importing Assets/_CompletedAssets/Prefabs/ZomBear.prefab using Guid(ea3c2728ef33e3a4d99527a86cda6465) Importer(815301076,1909f56bfc062723c751e8b465ee728b) Diagnostics callstack to track who triggered the sub-import:
0x00007ff7463692a2 (Unity) ImporterAssetResolver::ResolveAsset
0x00007ff74633a7a2 (Unity) ResolveArtifactV2
0x00007ff746353fa0 (Unity) ImportToObjects
0x00007ff7463533a8 (Unity) ImportAsset
0x00007ff7462ebe18 (Unity) AssetImportWorker::Import
0x00007ff746311f8c (Unity) <lambda_b123f039090cb0dbc945ab4402a71fca>::operator()
0x00007ff74639a882 (Unity) asio::detail::completion_handler<core::mutable_function<void __cdecl(void)> >::do_complete
0x00007ff74639c9e0 (Unity) asio::detail::win_iocp_io_service::do_one
0x00007ff7463a015e (Unity) asio::io_service::run
0x00007ff74633b4bb (Unity) RunAssetImportWorkerClientV2
0x00007ff74633b510 (Unity) RunAssetImporterV2
0x00007ff745db40d9 (Unity) Application::InitializeProject
0x00007ff7462330d2 (Unity) WinMain
0x00007ff7478d5f3e (Unity) __scrt_common_main_seh
0x00007ffe8ffe7034 (KERNEL32) BaseThreadInitThunk
0x00007ffe90fe2651 (ntdll) RtlUserThreadStart

Requesting import of Guid(ea3c2728ef33e3a4d99527a86cda6465) Importer(-1,00000000000000000000000000000000), Assets/_CompletedAssets/Prefabs/ZomBear.prefab from editor
Resuming Guid(ea3c2728ef33e3a4d99527a86cda6465) Importer(-1,00000000000000000000000000000000) -> 1c29d1f52e278cdda7436a82435b1b1d 
Assertion failed on expression: 'state.state == kUpToDate'
Assertion failed on expression: 'state.artifactID == result'
Diagnostics callstack to track who triggered the sub-import:
0x00007ff7463692a2 (Unity) ImporterAssetResolver::ResolveAsset
0x00007ff74633a7a2 (Unity) ResolveArtifactV2
0x00007ff7463327e1 (Unity) ProduceArtifactV2
0x00007ff7462c7a7e (Unity) AssetDatabase::ProduceArtifact
0x00007ff7462b1528 (Unity) PreviewImporter::GenerateAssetData
0x00007ff7463543d3 (Unity) ImportToObjects
0x00007ff7463533a8 (Unity) ImportAsset
0x00007ff7462ebe18 (Unity) AssetImportWorker::Import
0x00007ff746311f8c (Unity) <lambda_b123f039090cb0dbc945ab4402a71fca>::operator()
0x00007ff74639a882 (Unity) asio::detail::completion_handler<core::mutable_function<void __cdecl(void)> >::do_complete
0x00007ff74639c9e0 (Unity) asio::detail::win_iocp_io_service::do_one
0x00007ff7463a015e (Unity) asio::io_service::run
0x00007ff74633b4bb (Unity) RunAssetImportWorkerClientV2
0x00007ff74633b510 (Unity) RunAssetImporterV2
0x00007ff745db40d9 (Unity) Application::InitializeProject
0x00007ff7462330d2 (Unity) WinMain
0x00007ff7478d5f3e (Unity) __scrt_common_main_seh
0x00007ffe8ffe7034 (KERNEL32) BaseThreadInitThunk
0x00007ffe90fe2651 (ntdll) RtlUserThreadStart

Requesting import of Guid(ea3c2728ef33e3a4d99527a86cda6465) Importer(-1,00000000000000000000000000000000), Assets/_CompletedAssets/Prefabs/ZomBear.prefab from editor
Resuming Guid(ea3c2728ef33e3a4d99527a86cda6465) Importer(-1,00000000000000000000000000000000) -> 1c29d1f52e278cdda7436a82435b1b1d 
Assertion failed on expression: 'state.state == kUpToDate'
Assertion failed on expression: 'state.artifactID == result'
 -> (artifact id: '69876ba6a83abc43ec58bc80580a6c18') in 0.006250 seconds 
========================================================================
Received Import Request.
  Time since last request: 10.217211 seconds.
  path: Assets/_CompletedAssets/Prefabs/Hellephant.prefab
  artifactKey: Guid(548c56f4bcf4db24b8aa057e9846a005) Importer(815301076,1909f56bfc062723c751e8b465ee728b)
Start importing Assets/_CompletedAssets/Prefabs/Hellephant.prefab using Guid(548c56f4bcf4db24b8aa057e9846a005) Importer(815301076,1909f56bfc062723c751e8b465ee728b) Diagnostics callstack to track who triggered the sub-import:
0x00007ff7463692a2 (Unity) ImporterAssetResolver::ResolveAsset
0x00007ff74633a7a2 (Unity) ResolveArtifactV2
0x00007ff746353fa0 (Unity) ImportToObjects
0x00007ff7463533a8 (Unity) ImportAsset
0x00007ff7462ebe18 (Unity) AssetImportWorker::Import
0x00007ff746311f8c (Unity) <lambda_b123f039090cb0dbc945ab4402a71fca>::operator()
0x00007ff74639a882 (Unity) asio::detail::completion_handler<core::mutable_function<void __cdecl(void)> >::do_complete
0x00007ff74639c9e0 (Unity) asio::detail::win_iocp_io_service::do_one
0x00007ff7463a015e (Unity) asio::io_service::run
0x00007ff74633b4bb (Unity) RunAssetImportWorkerClientV2
0x00007ff74633b510 (Unity) RunAssetImporterV2
0x00007ff745db40d9 (Unity) Application::InitializeProject
0x00007ff7462330d2 (Unity) WinMain
0x00007ff7478d5f3e (Unity) __scrt_common_main_seh
0x00007ffe8ffe7034 (KERNEL32) BaseThreadInitThunk
0x00007ffe90fe2651 (ntdll) RtlUserThreadStart

Requesting import of Guid(548c56f4bcf4db24b8aa057e9846a005) Importer(-1,00000000000000000000000000000000), Assets/_CompletedAssets/Prefabs/Hellephant.prefab from editor
Resuming Guid(548c56f4bcf4db24b8aa057e9846a005) Importer(-1,00000000000000000000000000000000) -> 63bb13c657dc9480a43c78f6867d4e0d 
Assertion failed on expression: 'state.state == kUpToDate'
Assertion failed on expression: 'state.artifactID == result'
Diagnostics callstack to track who triggered the sub-import:
0x00007ff7463692a2 (Unity) ImporterAssetResolver::ResolveAsset
0x00007ff74633a7a2 (Unity) ResolveArtifactV2
0x00007ff7463327e1 (Unity) ProduceArtifactV2
0x00007ff7462c7a7e (Unity) AssetDatabase::ProduceArtifact
0x00007ff7462b1528 (Unity) PreviewImporter::GenerateAssetData
0x00007ff7463543d3 (Unity) ImportToObjects
0x00007ff7463533a8 (Unity) ImportAsset
0x00007ff7462ebe18 (Unity) AssetImportWorker::Import
0x00007ff746311f8c (Unity) <lambda_b123f039090cb0dbc945ab4402a71fca>::operator()
0x00007ff74639a882 (Unity) asio::detail::completion_handler<core::mutable_function<void __cdecl(void)> >::do_complete
0x00007ff74639c9e0 (Unity) asio::detail::win_iocp_io_service::do_one
0x00007ff7463a015e (Unity) asio::io_service::run
0x00007ff74633b4bb (Unity) RunAssetImportWorkerClientV2
0x00007ff74633b510 (Unity) RunAssetImporterV2
0x00007ff745db40d9 (Unity) Application::InitializeProject
0x00007ff7462330d2 (Unity) WinMain
0x00007ff7478d5f3e (Unity) __scrt_common_main_seh
0x00007ffe8ffe7034 (KERNEL32) BaseThreadInitThunk
0x00007ffe90fe2651 (ntdll) RtlUserThreadStart

Requesting import of Guid(548c56f4bcf4db24b8aa057e9846a005) Importer(-1,00000000000000000000000000000000), Assets/_CompletedAssets/Prefabs/Hellephant.prefab from editor
Resuming Guid(548c56f4bcf4db24b8aa057e9846a005) Importer(-1,00000000000000000000000000000000) -> 63bb13c657dc9480a43c78f6867d4e0d 
Assertion failed on expression: 'state.state == kUpToDate'
Assertion failed on expression: 'state.artifactID == result'
 -> (artifact id: '00e65648601dce44c6796fd7a7c96650') in 0.008204 seconds 
========================================================================
Received Import Request.
  Time since last request: 0.000243 seconds.
  path: Assets/_CompletedAssets/Prefabs/ZomBunny.prefab
  artifactKey: Guid(e5171f72421770240bd7c3989fe351e3) Importer(815301076,1909f56bfc062723c751e8b465ee728b)
Start importing Assets/_CompletedAssets/Prefabs/ZomBunny.prefab using Guid(e5171f72421770240bd7c3989fe351e3) Importer(815301076,1909f56bfc062723c751e8b465ee728b) Diagnostics callstack to track who triggered the sub-import:
0x00007ff7463692a2 (Unity) ImporterAssetResolver::ResolveAsset
0x00007ff74633a7a2 (Unity) ResolveArtifactV2
0x00007ff746353fa0 (Unity) ImportToObjects
0x00007ff7463533a8 (Unity) ImportAsset
0x00007ff7462ebe18 (Unity) AssetImportWorker::Import
0x00007ff746311f8c (Unity) <lambda_b123f039090cb0dbc945ab4402a71fca>::operator()
0x00007ff74639a882 (Unity) asio::detail::completion_handler<core::mutable_function<void __cdecl(void)> >::do_complete
0x00007ff74639c9e0 (Unity) asio::detail::win_iocp_io_service::do_one
0x00007ff7463a015e (Unity) asio::io_service::run
0x00007ff74633b4bb (Unity) RunAssetImportWorkerClientV2
0x00007ff74633b510 (Unity) RunAssetImporterV2
0x00007ff745db40d9 (Unity) Application::InitializeProject
0x00007ff7462330d2 (Unity) WinMain
0x00007ff7478d5f3e (Unity) __scrt_common_main_seh
0x00007ffe8ffe7034 (KERNEL32) BaseThreadInitThunk
0x00007ffe90fe2651 (ntdll) RtlUserThreadStart

Requesting import of Guid(e5171f72421770240bd7c3989fe351e3) Importer(-1,00000000000000000000000000000000), Assets/_CompletedAssets/Prefabs/ZomBunny.prefab from editor
Resuming Guid(e5171f72421770240bd7c3989fe351e3) Importer(-1,00000000000000000000000000000000) -> e80aedaf1f198c3eecb5ac78e7db0fbb 
Assertion failed on expression: 'state.state == kUpToDate'
Assertion failed on expression: 'state.artifactID == result'
Diagnostics callstack to track who triggered the sub-import:
0x00007ff7463692a2 (Unity) ImporterAssetResolver::ResolveAsset
0x00007ff74633a7a2 (Unity) ResolveArtifactV2
0x00007ff7463327e1 (Unity) ProduceArtifactV2
0x00007ff7462c7a7e (Unity) AssetDatabase::ProduceArtifact
0x00007ff7462b1528 (Unity) PreviewImporter::GenerateAssetData
0x00007ff7463543d3 (Unity) ImportToObjects
0x00007ff7463533a8 (Unity) ImportAsset
0x00007ff7462ebe18 (Unity) AssetImportWorker::Import
0x00007ff746311f8c (Unity) <lambda_b123f039090cb0dbc945ab4402a71fca>::operator()
0x00007ff74639a882 (Unity) asio::detail::completion_handler<core::mutable_function<void __cdecl(void)> >::do_complete
0x00007ff74639c9e0 (Unity) asio::detail::win_iocp_io_service::do_one
0x00007ff7463a015e (Unity) asio::io_service::run
0x00007ff74633b4bb (Unity) RunAssetImportWorkerClientV2
0x00007ff74633b510 (Unity) RunAssetImporterV2
0x00007ff745db40d9 (Unity) Application::InitializeProject
0x00007ff7462330d2 (Unity) WinMain
0x00007ff7478d5f3e (Unity) __scrt_common_main_seh
0x00007ffe8ffe7034 (KERNEL32) BaseThreadInitThunk
0x00007ffe90fe2651 (ntdll) RtlUserThreadStart

Requesting import of Guid(e5171f72421770240bd7c3989fe351e3) Importer(-1,00000000000000000000000000000000), Assets/_CompletedAssets/Prefabs/ZomBunny.prefab from editor
Resuming Guid(e5171f72421770240bd7c3989fe351e3) Importer(-1,00000000000000000000000000000000) -> e80aedaf1f198c3eecb5ac78e7db0fbb 
Assertion failed on expression: 'state.state == kUpToDate'
Assertion failed on expression: 'state.artifactID == result'
 -> (artifact id: 'e36d3593e7bb97b9ef0d34f7bf4c7a59') in 0.005047 seconds 
========================================================================
Received Import Request.
  Time since last request: 0.000218 seconds.
  path: Assets/_CompletedAssets/Prefabs/Player.prefab
  artifactKey: Guid(4e5a0d387dc27394b81600988ad0216f) Importer(815301076,1909f56bfc062723c751e8b465ee728b)
Start importing Assets/_CompletedAssets/Prefabs/Player.prefab using Guid(4e5a0d387dc27394b81600988ad0216f) Importer(815301076,1909f56bfc062723c751e8b465ee728b) Diagnostics callstack to track who triggered the sub-import:
0x00007ff7463692a2 (Unity) ImporterAssetResolver::ResolveAsset
0x00007ff74633a7a2 (Unity) ResolveArtifactV2
0x00007ff746353fa0 (Unity) ImportToObjects
0x00007ff7463533a8 (Unity) ImportAsset
0x00007ff7462ebe18 (Unity) AssetImportWorker::Import
0x00007ff746311f8c (Unity) <lambda_b123f039090cb0dbc945ab4402a71fca>::operator()
0x00007ff74639a882 (Unity) asio::detail::completion_handler<core::mutable_function<void __cdecl(void)> >::do_complete
0x00007ff74639c9e0 (Unity) asio::detail::win_iocp_io_service::do_one
0x00007ff7463a015e (Unity) asio::io_service::run
0x00007ff74633b4bb (Unity) RunAssetImportWorkerClientV2
0x00007ff74633b510 (Unity) RunAssetImporterV2
0x00007ff745db40d9 (Unity) Application::InitializeProject
0x00007ff7462330d2 (Unity) WinMain
0x00007ff7478d5f3e (Unity) __scrt_common_main_seh
0x00007ffe8ffe7034 (KERNEL32) BaseThreadInitThunk
0x00007ffe90fe2651 (ntdll) RtlUserThreadStart

Requesting import of Guid(4e5a0d387dc27394b81600988ad0216f) Importer(-1,00000000000000000000000000000000), Assets/_CompletedAssets/Prefabs/Player.prefab from editor
Resuming Guid(4e5a0d387dc27394b81600988ad0216f) Importer(-1,00000000000000000000000000000000) -> b9bb32df1cbcec82c5ab33aac0dcbc19 
Assertion failed on expression: 'state.state == kUpToDate'
Assertion failed on expression: 'state.artifactID == result'
Diagnostics callstack to track who triggered the sub-import:
0x00007ff7463692a2 (Unity) ImporterAssetResolver::ResolveAsset
0x00007ff74633a7a2 (Unity) ResolveArtifactV2
0x00007ff7463327e1 (Unity) ProduceArtifactV2
0x00007ff7462c7a7e (Unity) AssetDatabase::ProduceArtifact
0x00007ff7462b1528 (Unity) PreviewImporter::GenerateAssetData
0x00007ff7463543d3 (Unity) ImportToObjects
0x00007ff7463533a8 (Unity) ImportAsset
0x00007ff7462ebe18 (Unity) AssetImportWorker::Import
0x00007ff746311f8c (Unity) <lambda_b123f039090cb0dbc945ab4402a71fca>::operator()
0x00007ff74639a882 (Unity) asio::detail::completion_handler<core::mutable_function<void __cdecl(void)> >::do_complete
0x00007ff74639c9e0 (Unity) asio::detail::win_iocp_io_service::do_one
0x00007ff7463a015e (Unity) asio::io_service::run
0x00007ff74633b4bb (Unity) RunAssetImportWorkerClientV2
0x00007ff74633b510 (Unity) RunAssetImporterV2
0x00007ff745db40d9 (Unity) Application::InitializeProject
0x00007ff7462330d2 (Unity) WinMain
0x00007ff7478d5f3e (Unity) __scrt_common_main_seh
0x00007ffe8ffe7034 (KERNEL32) BaseThreadInitThunk
0x00007ffe90fe2651 (ntdll) RtlUserThreadStart

Requesting import of Guid(4e5a0d387dc27394b81600988ad0216f) Importer(-1,00000000000000000000000000000000), Assets/_CompletedAssets/Prefabs/Player.prefab from editor
Resuming Guid(4e5a0d387dc27394b81600988ad0216f) Importer(-1,00000000000000000000000000000000) -> b9bb32df1cbcec82c5ab33aac0dcbc19 
Assertion failed on expression: 'state.state == kUpToDate'
Assertion failed on expression: 'state.artifactID == result'
 -> (artifact id: '3f9a0b0909aa26024d845c51a139d18a') in 0.007452 seconds 
========================================================================
Received Import Request.
  Time since last request: 0.000248 seconds.
  path: Assets/_CompletedAssets/Prefabs/ZomBear.prefab
  artifactKey: Guid(ea3c2728ef33e3a4d99527a86cda6465) Importer(815301076,1909f56bfc062723c751e8b465ee728b)
Start importing Assets/_CompletedAssets/Prefabs/ZomBear.prefab using Guid(ea3c2728ef33e3a4d99527a86cda6465) Importer(815301076,1909f56bfc062723c751e8b465ee728b) Diagnostics callstack to track who triggered the sub-import:
0x00007ff7463692a2 (Unity) ImporterAssetResolver::ResolveAsset
0x00007ff74633a7a2 (Unity) ResolveArtifactV2
0x00007ff746353fa0 (Unity) ImportToObjects
0x00007ff7463533a8 (Unity) ImportAsset
0x00007ff7462ebe18 (Unity) AssetImportWorker::Import
0x00007ff746311f8c (Unity) <lambda_b123f039090cb0dbc945ab4402a71fca>::operator()
0x00007ff74639a882 (Unity) asio::detail::completion_handler<core::mutable_function<void __cdecl(void)> >::do_complete
0x00007ff74639c9e0 (Unity) asio::detail::win_iocp_io_service::do_one
0x00007ff7463a015e (Unity) asio::io_service::run
0x00007ff74633b4bb (Unity) RunAssetImportWorkerClientV2
0x00007ff74633b510 (Unity) RunAssetImporterV2
0x00007ff745db40d9 (Unity) Application::InitializeProject
0x00007ff7462330d2 (Unity) WinMain
0x00007ff7478d5f3e (Unity) __scrt_common_main_seh
0x00007ffe8ffe7034 (KERNEL32) BaseThreadInitThunk
0x00007ffe90fe2651 (ntdll) RtlUserThreadStart

Requesting import of Guid(ea3c2728ef33e3a4d99527a86cda6465) Importer(-1,00000000000000000000000000000000), Assets/_CompletedAssets/Prefabs/ZomBear.prefab from editor
Resuming Guid(ea3c2728ef33e3a4d99527a86cda6465) Importer(-1,00000000000000000000000000000000) -> 1c29d1f52e278cdda7436a82435b1b1d 
Assertion failed on expression: 'state.state == kUpToDate'
Assertion failed on expression: 'state.artifactID == result'
Diagnostics callstack to track who triggered the sub-import:
0x00007ff7463692a2 (Unity) ImporterAssetResolver::ResolveAsset
0x00007ff74633a7a2 (Unity) ResolveArtifactV2
0x00007ff7463327e1 (Unity) ProduceArtifactV2
0x00007ff7462c7a7e (Unity) AssetDatabase::ProduceArtifact
0x00007ff7462b1528 (Unity) PreviewImporter::GenerateAssetData
0x00007ff7463543d3 (Unity) ImportToObjects
0x00007ff7463533a8 (Unity) ImportAsset
0x00007ff7462ebe18 (Unity) AssetImportWorker::Import
0x00007ff746311f8c (Unity) <lambda_b123f039090cb0dbc945ab4402a71fca>::operator()
0x00007ff74639a882 (Unity) asio::detail::completion_handler<core::mutable_function<void __cdecl(void)> >::do_complete
0x00007ff74639c9e0 (Unity) asio::detail::win_iocp_io_service::do_one
0x00007ff7463a015e (Unity) asio::io_service::run
0x00007ff74633b4bb (Unity) RunAssetImportWorkerClientV2
0x00007ff74633b510 (Unity) RunAssetImporterV2
0x00007ff745db40d9 (Unity) Application::InitializeProject
0x00007ff7462330d2 (Unity) WinMain
0x00007ff7478d5f3e (Unity) __scrt_common_main_seh
0x00007ffe8ffe7034 (KERNEL32) BaseThreadInitThunk
0x00007ffe90fe2651 (ntdll) RtlUserThreadStart

Requesting import of Guid(ea3c2728ef33e3a4d99527a86cda6465) Importer(-1,00000000000000000000000000000000), Assets/_CompletedAssets/Prefabs/ZomBear.prefab from editor
Resuming Guid(ea3c2728ef33e3a4d99527a86cda6465) Importer(-1,00000000000000000000000000000000) -> 1c29d1f52e278cdda7436a82435b1b1d 
Assertion failed on expression: 'state.state == kUpToDate'
Assertion failed on expression: 'state.artifactID == result'
 -> (artifact id: '69876ba6a83abc43ec58bc80580a6c18') in 0.006053 seconds 
========================================================================
Received Import Request.
  Time since last request: 0.872313 seconds.
  path: Assets/_CompletedAssets/Prefabs/Hellephant.prefab
  artifactKey: Guid(548c56f4bcf4db24b8aa057e9846a005) Importer(815301076,1909f56bfc062723c751e8b465ee728b)
Start importing Assets/_CompletedAssets/Prefabs/Hellephant.prefab using Guid(548c56f4bcf4db24b8aa057e9846a005) Importer(815301076,1909f56bfc062723c751e8b465ee728b) Diagnostics callstack to track who triggered the sub-import:
0x00007ff7463692a2 (Unity) ImporterAssetResolver::ResolveAsset
0x00007ff74633a7a2 (Unity) ResolveArtifactV2
0x00007ff746353fa0 (Unity) ImportToObjects
0x00007ff7463533a8 (Unity) ImportAsset
0x00007ff7462ebe18 (Unity) AssetImportWorker::Import
0x00007ff746311f8c (Unity) <lambda_b123f039090cb0dbc945ab4402a71fca>::operator()
0x00007ff74639a882 (Unity) asio::detail::completion_handler<core::mutable_function<void __cdecl(void)> >::do_complete
0x00007ff74639c9e0 (Unity) asio::detail::win_iocp_io_service::do_one
0x00007ff7463a015e (Unity) asio::io_service::run
0x00007ff74633b4bb (Unity) RunAssetImportWorkerClientV2
0x00007ff74633b510 (Unity) RunAssetImporterV2
0x00007ff745db40d9 (Unity) Application::InitializeProject
0x00007ff7462330d2 (Unity) WinMain
0x00007ff7478d5f3e (Unity) __scrt_common_main_seh
0x00007ffe8ffe7034 (KERNEL32) BaseThreadInitThunk
0x00007ffe90fe2651 (ntdll) RtlUserThreadStart

Requesting import of Guid(548c56f4bcf4db24b8aa057e9846a005) Importer(-1,00000000000000000000000000000000), Assets/_CompletedAssets/Prefabs/Hellephant.prefab from editor
Resuming Guid(548c56f4bcf4db24b8aa057e9846a005) Importer(-1,00000000000000000000000000000000) -> 63bb13c657dc9480a43c78f6867d4e0d 
Assertion failed on expression: 'state.state == kUpToDate'
Assertion failed on expression: 'state.artifactID == result'
Diagnostics callstack to track who triggered the sub-import:
0x00007ff7463692a2 (Unity) ImporterAssetResolver::ResolveAsset
0x00007ff74633a7a2 (Unity) ResolveArtifactV2
0x00007ff7463327e1 (Unity) ProduceArtifactV2
0x00007ff7462c7a7e (Unity) AssetDatabase::ProduceArtifact
0x00007ff7462b1528 (Unity) PreviewImporter::GenerateAssetData
0x00007ff7463543d3 (Unity) ImportToObjects
0x00007ff7463533a8 (Unity) ImportAsset
0x00007ff7462ebe18 (Unity) AssetImportWorker::Import
0x00007ff746311f8c (Unity) <lambda_b123f039090cb0dbc945ab4402a71fca>::operator()
0x00007ff74639a882 (Unity) asio::detail::completion_handler<core::mutable_function<void __cdecl(void)> >::do_complete
0x00007ff74639c9e0 (Unity) asio::detail::win_iocp_io_service::do_one
0x00007ff7463a015e (Unity) asio::io_service::run
0x00007ff74633b4bb (Unity) RunAssetImportWorkerClientV2
0x00007ff74633b510 (Unity) RunAssetImporterV2
0x00007ff745db40d9 (Unity) Application::InitializeProject
0x00007ff7462330d2 (Unity) WinMain
0x00007ff7478d5f3e (Unity) __scrt_common_main_seh
0x00007ffe8ffe7034 (KERNEL32) BaseThreadInitThunk
0x00007ffe90fe2651 (ntdll) RtlUserThreadStart

Requesting import of Guid(548c56f4bcf4db24b8aa057e9846a005) Importer(-1,00000000000000000000000000000000), Assets/_CompletedAssets/Prefabs/Hellephant.prefab from editor
Resuming Guid(548c56f4bcf4db24b8aa057e9846a005) Importer(-1,00000000000000000000000000000000) -> 63bb13c657dc9480a43c78f6867d4e0d 
Assertion failed on expression: 'state.state == kUpToDate'
Assertion failed on expression: 'state.artifactID == result'
 -> (artifact id: '00e65648601dce44c6796fd7a7c96650') in 0.007896 seconds 
========================================================================
Received Import Request.
  Time since last request: 0.000243 seconds.
  path: Assets/_CompletedAssets/Prefabs/ZomBunny.prefab
  artifactKey: Guid(e5171f72421770240bd7c3989fe351e3) Importer(815301076,1909f56bfc062723c751e8b465ee728b)
Start importing Assets/_CompletedAssets/Prefabs/ZomBunny.prefab using Guid(e5171f72421770240bd7c3989fe351e3) Importer(815301076,1909f56bfc062723c751e8b465ee728b) Diagnostics callstack to track who triggered the sub-import:
0x00007ff7463692a2 (Unity) ImporterAssetResolver::ResolveAsset
0x00007ff74633a7a2 (Unity) ResolveArtifactV2
0x00007ff746353fa0 (Unity) ImportToObjects
0x00007ff7463533a8 (Unity) ImportAsset
0x00007ff7462ebe18 (Unity) AssetImportWorker::Import
0x00007ff746311f8c (Unity) <lambda_b123f039090cb0dbc945ab4402a71fca>::operator()
0x00007ff74639a882 (Unity) asio::detail::completion_handler<core::mutable_function<void __cdecl(void)> >::do_complete
0x00007ff74639c9e0 (Unity) asio::detail::win_iocp_io_service::do_one
0x00007ff7463a015e (Unity) asio::io_service::run
0x00007ff74633b4bb (Unity) RunAssetImportWorkerClientV2
0x00007ff74633b510 (Unity) RunAssetImporterV2
0x00007ff745db40d9 (Unity) Application::InitializeProject
0x00007ff7462330d2 (Unity) WinMain
0x00007ff7478d5f3e (Unity) __scrt_common_main_seh
0x00007ffe8ffe7034 (KERNEL32) BaseThreadInitThunk
0x00007ffe90fe2651 (ntdll) RtlUserThreadStart

Requesting import of Guid(e5171f72421770240bd7c3989fe351e3) Importer(-1,00000000000000000000000000000000), Assets/_CompletedAssets/Prefabs/ZomBunny.prefab from editor
Resuming Guid(e5171f72421770240bd7c3989fe351e3) Importer(-1,00000000000000000000000000000000) -> e80aedaf1f198c3eecb5ac78e7db0fbb 
Assertion failed on expression: 'state.state == kUpToDate'
Assertion failed on expression: 'state.artifactID == result'
Diagnostics callstack to track who triggered the sub-import:
0x00007ff7463692a2 (Unity) ImporterAssetResolver::ResolveAsset
0x00007ff74633a7a2 (Unity) ResolveArtifactV2
0x00007ff7463327e1 (Unity) ProduceArtifactV2
0x00007ff7462c7a7e (Unity) AssetDatabase::ProduceArtifact
0x00007ff7462b1528 (Unity) PreviewImporter::GenerateAssetData
0x00007ff7463543d3 (Unity) ImportToObjects
0x00007ff7463533a8 (Unity) ImportAsset
0x00007ff7462ebe18 (Unity) AssetImportWorker::Import
0x00007ff746311f8c (Unity) <lambda_b123f039090cb0dbc945ab4402a71fca>::operator()
0x00007ff74639a882 (Unity) asio::detail::completion_handler<core::mutable_function<void __cdecl(void)> >::do_complete
0x00007ff74639c9e0 (Unity) asio::detail::win_iocp_io_service::do_one
0x00007ff7463a015e (Unity) asio::io_service::run
0x00007ff74633b4bb (Unity) RunAssetImportWorkerClientV2
0x00007ff74633b510 (Unity) RunAssetImporterV2
0x00007ff745db40d9 (Unity) Application::InitializeProject
0x00007ff7462330d2 (Unity) WinMain
0x00007ff7478d5f3e (Unity) __scrt_common_main_seh
0x00007ffe8ffe7034 (KERNEL32) BaseThreadInitThunk
0x00007ffe90fe2651 (ntdll) RtlUserThreadStart

Requesting import of Guid(e5171f72421770240bd7c3989fe351e3) Importer(-1,00000000000000000000000000000000), Assets/_CompletedAssets/Prefabs/ZomBunny.prefab from editor
Resuming Guid(e5171f72421770240bd7c3989fe351e3) Importer(-1,00000000000000000000000000000000) -> e80aedaf1f198c3eecb5ac78e7db0fbb 
Assertion failed on expression: 'state.state == kUpToDate'
Assertion failed on expression: 'state.artifactID == result'
 -> (artifact id: 'e36d3593e7bb97b9ef0d34f7bf4c7a59') in 0.005567 seconds 
========================================================================
Received Import Request.
  Time since last request: 0.000234 seconds.
  path: Assets/_CompletedAssets/Prefabs/Player.prefab
  artifactKey: Guid(4e5a0d387dc27394b81600988ad0216f) Importer(815301076,1909f56bfc062723c751e8b465ee728b)
Start importing Assets/_CompletedAssets/Prefabs/Player.prefab using Guid(4e5a0d387dc27394b81600988ad0216f) Importer(815301076,1909f56bfc062723c751e8b465ee728b) Diagnostics callstack to track who triggered the sub-import:
0x00007ff7463692a2 (Unity) ImporterAssetResolver::ResolveAsset
0x00007ff74633a7a2 (Unity) ResolveArtifactV2
0x00007ff746353fa0 (Unity) ImportToObjects
0x00007ff7463533a8 (Unity) ImportAsset
0x00007ff7462ebe18 (Unity) AssetImportWorker::Import
0x00007ff746311f8c (Unity) <lambda_b123f039090cb0dbc945ab4402a71fca>::operator()
0x00007ff74639a882 (Unity) asio::detail::completion_handler<core::mutable_function<void __cdecl(void)> >::do_complete
0x00007ff74639c9e0 (Unity) asio::detail::win_iocp_io_service::do_one
0x00007ff7463a015e (Unity) asio::io_service::run
0x00007ff74633b4bb (Unity) RunAssetImportWorkerClientV2
0x00007ff74633b510 (Unity) RunAssetImporterV2
0x00007ff745db40d9 (Unity) Application::InitializeProject
0x00007ff7462330d2 (Unity) WinMain
0x00007ff7478d5f3e (Unity) __scrt_common_main_seh
0x00007ffe8ffe7034 (KERNEL32) BaseThreadInitThunk
0x00007ffe90fe2651 (ntdll) RtlUserThreadStart

Requesting import of Guid(4e5a0d387dc27394b81600988ad0216f) Importer(-1,00000000000000000000000000000000), Assets/_CompletedAssets/Prefabs/Player.prefab from editor
Resuming Guid(4e5a0d387dc27394b81600988ad0216f) Importer(-1,00000000000000000000000000000000) -> b9bb32df1cbcec82c5ab33aac0dcbc19 
Assertion failed on expression: 'state.state == kUpToDate'
Assertion failed on expression: 'state.artifactID == result'
Diagnostics callstack to track who triggered the sub-import:
0x00007ff7463692a2 (Unity) ImporterAssetResolver::ResolveAsset
0x00007ff74633a7a2 (Unity) ResolveArtifactV2
0x00007ff7463327e1 (Unity) ProduceArtifactV2
0x00007ff7462c7a7e (Unity) AssetDatabase::ProduceArtifact
0x00007ff7462b1528 (Unity) PreviewImporter::GenerateAssetData
0x00007ff7463543d3 (Unity) ImportToObjects
0x00007ff7463533a8 (Unity) ImportAsset
0x00007ff7462ebe18 (Unity) AssetImportWorker::Import
0x00007ff746311f8c (Unity) <lambda_b123f039090cb0dbc945ab4402a71fca>::operator()
0x00007ff74639a882 (Unity) asio::detail::completion_handler<core::mutable_function<void __cdecl(void)> >::do_complete
0x00007ff74639c9e0 (Unity) asio::detail::win_iocp_io_service::do_one
0x00007ff7463a015e (Unity) asio::io_service::run
0x00007ff74633b4bb (Unity) RunAssetImportWorkerClientV2
0x00007ff74633b510 (Unity) RunAssetImporterV2
0x00007ff745db40d9 (Unity) Application::InitializeProject
0x00007ff7462330d2 (Unity) WinMain
0x00007ff7478d5f3e (Unity) __scrt_common_main_seh
0x00007ffe8ffe7034 (KERNEL32) BaseThreadInitThunk
0x00007ffe90fe2651 (ntdll) RtlUserThreadStart

Requesting import of Guid(4e5a0d387dc27394b81600988ad0216f) Importer(-1,00000000000000000000000000000000), Assets/_CompletedAssets/Prefabs/Player.prefab from editor
Resuming Guid(4e5a0d387dc27394b81600988ad0216f) Importer(-1,00000000000000000000000000000000) -> b9bb32df1cbcec82c5ab33aac0dcbc19 
Assertion failed on expression: 'state.state == kUpToDate'
Assertion failed on expression: 'state.artifactID == result'
 -> (artifact id: '3f9a0b0909aa26024d845c51a139d18a') in 0.010387 seconds 
========================================================================
Received Import Request.
  Time since last request: 0.000307 seconds.
  path: Assets/_CompletedAssets/Prefabs/ZomBear.prefab
  artifactKey: Guid(ea3c2728ef33e3a4d99527a86cda6465) Importer(815301076,1909f56bfc062723c751e8b465ee728b)
Start importing Assets/_CompletedAssets/Prefabs/ZomBear.prefab using Guid(ea3c2728ef33e3a4d99527a86cda6465) Importer(815301076,1909f56bfc062723c751e8b465ee728b) Diagnostics callstack to track who triggered the sub-import:
0x00007ff7463692a2 (Unity) ImporterAssetResolver::ResolveAsset
0x00007ff74633a7a2 (Unity) ResolveArtifactV2
0x00007ff746353fa0 (Unity) ImportToObjects
0x00007ff7463533a8 (Unity) ImportAsset
0x00007ff7462ebe18 (Unity) AssetImportWorker::Import
0x00007ff746311f8c (Unity) <lambda_b123f039090cb0dbc945ab4402a71fca>::operator()
0x00007ff74639a882 (Unity) asio::detail::completion_handler<core::mutable_function<void __cdecl(void)> >::do_complete
0x00007ff74639c9e0 (Unity) asio::detail::win_iocp_io_service::do_one
0x00007ff7463a015e (Unity) asio::io_service::run
0x00007ff74633b4bb (Unity) RunAssetImportWorkerClientV2
0x00007ff74633b510 (Unity) RunAssetImporterV2
0x00007ff745db40d9 (Unity) Application::InitializeProject
0x00007ff7462330d2 (Unity) WinMain
0x00007ff7478d5f3e (Unity) __scrt_common_main_seh
0x00007ffe8ffe7034 (KERNEL32) BaseThreadInitThunk
0x00007ffe90fe2651 (ntdll) RtlUserThreadStart

Requesting import of Guid(ea3c2728ef33e3a4d99527a86cda6465) Importer(-1,00000000000000000000000000000000), Assets/_CompletedAssets/Prefabs/ZomBear.prefab from editor
Resuming Guid(ea3c2728ef33e3a4d99527a86cda6465) Importer(-1,00000000000000000000000000000000) -> 1c29d1f52e278cdda7436a82435b1b1d 
Assertion failed on expression: 'state.state == kUpToDate'
Assertion failed on expression: 'state.artifactID == result'
Diagnostics callstack to track who triggered the sub-import:
0x00007ff7463692a2 (Unity) ImporterAssetResolver::ResolveAsset
0x00007ff74633a7a2 (Unity) ResolveArtifactV2
0x00007ff7463327e1 (Unity) ProduceArtifactV2
0x00007ff7462c7a7e (Unity) AssetDatabase::ProduceArtifact
0x00007ff7462b1528 (Unity) PreviewImporter::GenerateAssetData
0x00007ff7463543d3 (Unity) ImportToObjects
0x00007ff7463533a8 (Unity) ImportAsset
0x00007ff7462ebe18 (Unity) AssetImportWorker::Import
0x00007ff746311f8c (Unity) <lambda_b123f039090cb0dbc945ab4402a71fca>::operator()
0x00007ff74639a882 (Unity) asio::detail::completion_handler<core::mutable_function<void __cdecl(void)> >::do_complete
0x00007ff74639c9e0 (Unity) asio::detail::win_iocp_io_service::do_one
0x00007ff7463a015e (Unity) asio::io_service::run
0x00007ff74633b4bb (Unity) RunAssetImportWorkerClientV2
0x00007ff74633b510 (Unity) RunAssetImporterV2
0x00007ff745db40d9 (Unity) Application::InitializeProject
0x00007ff7462330d2 (Unity) WinMain
0x00007ff7478d5f3e (Unity) __scrt_common_main_seh
0x00007ffe8ffe7034 (KERNEL32) BaseThreadInitThunk
0x00007ffe90fe2651 (ntdll) RtlUserThreadStart

Requesting import of Guid(ea3c2728ef33e3a4d99527a86cda6465) Importer(-1,00000000000000000000000000000000), Assets/_CompletedAssets/Prefabs/ZomBear.prefab from editor
Resuming Guid(ea3c2728ef33e3a4d99527a86cda6465) Importer(-1,00000000000000000000000000000000) -> 1c29d1f52e278cdda7436a82435b1b1d 
Assertion failed on expression: 'state.state == kUpToDate'
Assertion failed on expression: 'state.artifactID == result'
 -> (artifact id: '69876ba6a83abc43ec58bc80580a6c18') in 0.006081 seconds 
========================================================================
Received Import Request.
  Time since last request: 137.824321 seconds.
  path: Assets/_CompletedAssets/Scripts
  artifactKey: Guid(7726b090c619c2943a9ef99d175b17b4) Importer(815301076,1909f56bfc062723c751e8b465ee728b)
Start importing Assets/_CompletedAssets/Scripts using Guid(7726b090c619c2943a9ef99d175b17b4) Importer(815301076,1909f56bfc062723c751e8b465ee728b)  -> (artifact id: '660bb28c9f47747f7c53343ac8d9ec11') in 0.008940 seconds 
========================================================================
Received Import Request.
  Time since last request: 9.280042 seconds.
  path: Assets/_CompletedAssets/Scripts/MaquinaDeEstado
  artifactKey: Guid(c0159f0876eba9944aa4012b413c0ba8) Importer(815301076,1909f56bfc062723c751e8b465ee728b)
Start importing Assets/_CompletedAssets/Scripts/MaquinaDeEstado using Guid(c0159f0876eba9944aa4012b413c0ba8) Importer(815301076,1909f56bfc062723c751e8b465ee728b)  -> (artifact id: 'bc7f327cd01444706b8046739c867223') in 0.006589 seconds 
========================================================================
Received Import Request.
  Time since last request: 403.572276 seconds.
  path: Assets/_CompletedAssets/Scripts/MaquinaDeEstado/MaquinaDeEstados.cs
  artifactKey: Guid(b69e667eda72bde41bec98f1556e6d5b) Importer(815301076,1909f56bfc062723c751e8b465ee728b)
Start importing Assets/_CompletedAssets/Scripts/MaquinaDeEstado/MaquinaDeEstados.cs using Guid(b69e667eda72bde41bec98f1556e6d5b) Importer(815301076,1909f56bfc062723c751e8b465ee728b)  -> (artifact id: '48041616a90961277259b3ea9b4cae95') in 0.007105 seconds 
========================================================================
Received Import Request.
  Time since last request: 31.068532 seconds.
  path: Assets/_CompletedAssets/Scripts/MaquinaDeEstado/juan.cs
  artifactKey: Guid(e9b5cc7d44f838c46a8a1c1748d06439) Importer(815301076,1909f56bfc062723c751e8b465ee728b)
Start importing Assets/_CompletedAssets/Scripts/MaquinaDeEstado/juan.cs using Guid(e9b5cc7d44f838c46a8a1c1748d06439) Importer(815301076,1909f56bfc062723c751e8b465ee728b)  -> (artifact id: '825e8c840223294e4e07cd134991ed6f') in 0.008302 seconds 
========================================================================
Received Prepare
Registering precompiled user dll's ...
Registered in 0.006152 seconds.
Begin MonoManager ReloadAssembly
Symbol file LoadedFromMemory doesn't match image C:\Users\juanc\OTRA VEZ\Library\PackageCache\com.unity.collab-proxy@1.15.15\Lib\Editor\PlasticSCM\unityplastic.dll
Native extension for WindowsStandalone target not found
Native extension for WebGL target not found
Refreshing native plugins compatible for Editor in 0.46 ms, found 2 plugins.
Preloading 0 native plugins for Editor in 0.00 ms.
Mono: successfully reloaded assembly
- Completed reload, in  0.977 seconds
Domain Reload Profiling:
	ReloadAssembly (978ms)
		BeginReloadAssembly (189ms)
			ExecutionOrderSort (0ms)
			DisableScriptedObjects (12ms)
			BackupInstance (0ms)
			ReleaseScriptingObjects (0ms)
			CreateAndSetChildDomain (73ms)
		EndReloadAssembly (729ms)
			LoadAssemblies (108ms)
			RebuildTransferFunctionScriptingTraits (0ms)
			SetupTypeCache (252ms)
			ReleaseScriptCaches (1ms)
			RebuildScriptCaches (35ms)
			SetupLoadedEditorAssemblies (266ms)
				LogAssemblyErrors (0ms)
				InitializePlatformSupportModulesInManaged (6ms)
				SetLoadedEditorAssemblies (1ms)
				RefreshPlugins (1ms)
				BeforeProcessingInitializeOnLoad (80ms)
				ProcessInitializeOnLoadAttributes (163ms)
				ProcessInitializeOnLoadMethodAttributes (7ms)
				AfterProcessingInitializeOnLoad (9ms)
				EditorAssembliesLoaded (0ms)
			ExecutionOrderSort2 (0ms)
			AwakeInstancesAfterBackupRestoration (6ms)
Platform modules already initialized, skipping
Refreshing native plugins compatible for Editor in 0.42 ms, found 2 plugins.
Preloading 0 native plugins for Editor in 0.00 ms.
Unloading 1548 Unused Serialized files (Serialized files now loaded: 0)
System memory in use before: 71.6 MB.
System memory in use after: 71.7 MB.

Unloading 11 unused Assets to reduce memory usage. Loaded Objects now: 2002.
Total: 2.403900 ms (FindLiveObjects: 0.115600 ms CreateObjectMapping: 0.048100 ms MarkObjects: 2.218000 ms  DeleteObjects: 0.021500 ms)

AssetImportParameters requested are different than current active one (requested -> active):
  custom:framework-win-MediaFoundation: 216162199b28c13a410421893ffa2e32 -> 
  custom:video-decoder-ogg-theora: a1e56fd34408186e4bbccfd4996cb3dc -> 
  custom:container-muxer-webm: aa71ff27fc2769a1b78a27578f13a17b -> 
  custom:container-demuxer-webm: 4f35f7cbe854078d1ac9338744f61a02 -> 
  custom:container-demuxer-ogg: 62fdf1f143b41e24485cea50d1cbac27 -> 
  custom:video-encoder-webm-vp8: eb34c28f22e8b96e1ab97ce403110664 -> 
  custom:video-decoder-webm-vp8: 9c59270c3fd7afecdb556c50c9e8de78 -> 
  custom:audio-decoder-ogg-vorbis: bf7c407c2cedff20999df2af8eb42d56 -> 
  custom:audio-encoder-webm-vorbis: bf7c407c2cedff20999df2af8eb42d56 -> 
========================================================================
Received Prepare
Registering precompiled user dll's ...
Registered in 0.004187 seconds.
Begin MonoManager ReloadAssembly
Symbol file LoadedFromMemory doesn't match image C:\Users\juanc\OTRA VEZ\Library\PackageCache\com.unity.collab-proxy@1.15.15\Lib\Editor\PlasticSCM\unityplastic.dll
Native extension for WindowsStandalone target not found
Native extension for WebGL target not found
Refreshing native plugins compatible for Editor in 0.34 ms, found 2 plugins.
Preloading 0 native plugins for Editor in 0.00 ms.
Mono: successfully reloaded assembly
- Completed reload, in  0.937 seconds
Domain Reload Profiling:
	ReloadAssembly (937ms)
		BeginReloadAssembly (117ms)
			ExecutionOrderSort (0ms)
			DisableScriptedObjects (5ms)
			BackupInstance (0ms)
			ReleaseScriptingObjects (0ms)
			CreateAndSetChildDomain (33ms)
		EndReloadAssembly (763ms)
			LoadAssemblies (93ms)
			RebuildTransferFunctionScriptingTraits (0ms)
			SetupTypeCache (265ms)
			ReleaseScriptCaches (1ms)
			RebuildScriptCaches (37ms)
			SetupLoadedEditorAssemblies (281ms)
				LogAssemblyErrors (0ms)
				InitializePlatformSupportModulesInManaged (5ms)
				SetLoadedEditorAssemblies (0ms)
				RefreshPlugins (0ms)
				BeforeProcessingInitializeOnLoad (85ms)
				ProcessInitializeOnLoadAttributes (175ms)
				ProcessInitializeOnLoadMethodAttributes (7ms)
				AfterProcessingInitializeOnLoad (8ms)
				EditorAssembliesLoaded (0ms)
			ExecutionOrderSort2 (0ms)
			AwakeInstancesAfterBackupRestoration (6ms)
Platform modules already initialized, skipping
Refreshing native plugins compatible for Editor in 0.38 ms, found 2 plugins.
Preloading 0 native plugins for Editor in 0.00 ms.
Unloading 1548 Unused Serialized files (Serialized files now loaded: 0)
System memory in use before: 71.6 MB.
System memory in use after: 71.7 MB.

Unloading 11 unused Assets to reduce memory usage. Loaded Objects now: 2005.
Total: 2.953400 ms (FindLiveObjects: 0.177900 ms CreateObjectMapping: 0.063200 ms MarkObjects: 2.686900 ms  DeleteObjects: 0.024700 ms)

AssetImportParameters requested are different than current active one (requested -> active):
  custom:framework-win-MediaFoundation: 216162199b28c13a410421893ffa2e32 -> 
  custom:video-decoder-ogg-theora: a1e56fd34408186e4bbccfd4996cb3dc -> 
  custom:container-muxer-webm: aa71ff27fc2769a1b78a27578f13a17b -> 
  custom:container-demuxer-webm: 4f35f7cbe854078d1ac9338744f61a02 -> 
  custom:container-demuxer-ogg: 62fdf1f143b41e24485cea50d1cbac27 -> 
  custom:video-encoder-webm-vp8: eb34c28f22e8b96e1ab97ce403110664 -> 
  custom:video-decoder-webm-vp8: 9c59270c3fd7afecdb556c50c9e8de78 -> 
  custom:audio-decoder-ogg-vorbis: bf7c407c2cedff20999df2af8eb42d56 -> 
  custom:audio-encoder-webm-vorbis: bf7c407c2cedff20999df2af8eb42d56 -> 
========================================================================
Received Prepare
Registering precompiled user dll's ...
Registered in 0.003134 seconds.
Begin MonoManager ReloadAssembly
Symbol file LoadedFromMemory doesn't match image C:\Users\juanc\OTRA VEZ\Library\PackageCache\com.unity.collab-proxy@1.15.15\Lib\Editor\PlasticSCM\unityplastic.dll
Native extension for WindowsStandalone target not found
Native extension for WebGL target not found
Refreshing native plugins compatible for Editor in 0.38 ms, found 2 plugins.
Preloading 0 native plugins for Editor in 0.00 ms.
Mono: successfully reloaded assembly
- Completed reload, in  0.933 seconds
Domain Reload Profiling:
	ReloadAssembly (934ms)
		BeginReloadAssembly (112ms)
			ExecutionOrderSort (0ms)
			DisableScriptedObjects (5ms)
			BackupInstance (0ms)
			ReleaseScriptingObjects (0ms)
			CreateAndSetChildDomain (30ms)
		EndReloadAssembly (761ms)
			LoadAssemblies (98ms)
			RebuildTransferFunctionScriptingTraits (0ms)
			SetupTypeCache (260ms)
			ReleaseScriptCaches (1ms)
			RebuildScriptCaches (37ms)
			SetupLoadedEditorAssemblies (284ms)
				LogAssemblyErrors (0ms)
				InitializePlatformSupportModulesInManaged (6ms)
				SetLoadedEditorAssemblies (0ms)
				RefreshPlugins (0ms)
				BeforeProcessingInitializeOnLoad (93ms)
				ProcessInitializeOnLoadAttributes (170ms)
				ProcessInitializeOnLoadMethodAttributes (7ms)
				AfterProcessingInitializeOnLoad (7ms)
				EditorAssembliesLoaded (0ms)
			ExecutionOrderSort2 (0ms)
			AwakeInstancesAfterBackupRestoration (6ms)
Platform modules already initialized, skipping
Refreshing native plugins compatible for Editor in 0.34 ms, found 2 plugins.
Preloading 0 native plugins for Editor in 0.00 ms.
Unloading 1548 Unused Serialized files (Serialized files now loaded: 0)
System memory in use before: 71.7 MB.
System memory in use after: 71.8 MB.

Unloading 11 unused Assets to reduce memory usage. Loaded Objects now: 2008.
Total: 2.494700 ms (FindLiveObjects: 0.120500 ms CreateObjectMapping: 0.045700 ms MarkObjects: 2.311200 ms  DeleteObjects: 0.016300 ms)

AssetImportParameters requested are different than current active one (requested -> active):
  custom:framework-win-MediaFoundation: 216162199b28c13a410421893ffa2e32 -> 
  custom:video-decoder-ogg-theora: a1e56fd34408186e4bbccfd4996cb3dc -> 
  custom:container-muxer-webm: aa71ff27fc2769a1b78a27578f13a17b -> 
  custom:container-demuxer-webm: 4f35f7cbe854078d1ac9338744f61a02 -> 
  custom:container-demuxer-ogg: 62fdf1f143b41e24485cea50d1cbac27 -> 
  custom:video-encoder-webm-vp8: eb34c28f22e8b96e1ab97ce403110664 -> 
  custom:video-decoder-webm-vp8: 9c59270c3fd7afecdb556c50c9e8de78 -> 
  custom:audio-decoder-ogg-vorbis: bf7c407c2cedff20999df2af8eb42d56 -> 
  custom:audio-encoder-webm-vorbis: bf7c407c2cedff20999df2af8eb42d56 -> 
========================================================================
Received Prepare
Registering precompiled user dll's ...
Registered in 0.003145 seconds.
Begin MonoManager ReloadAssembly
Symbol file LoadedFromMemory doesn't match image C:\Users\juanc\OTRA VEZ\Library\PackageCache\com.unity.collab-proxy@1.15.15\Lib\Editor\PlasticSCM\unityplastic.dll
Native extension for WindowsStandalone target not found
Native extension for WebGL target not found
Refreshing native plugins compatible for Editor in 0.39 ms, found 2 plugins.
Preloading 0 native plugins for Editor in 0.00 ms.
Mono: successfully reloaded assembly
- Completed reload, in  0.892 seconds
Domain Reload Profiling:
	ReloadAssembly (892ms)
		BeginReloadAssembly (110ms)
			ExecutionOrderSort (0ms)
			DisableScriptedObjects (5ms)
			BackupInstance (0ms)
			ReleaseScriptingObjects (0ms)
			CreateAndSetChildDomain (27ms)
		EndReloadAssembly (721ms)
			LoadAssemblies (101ms)
			RebuildTransferFunctionScriptingTraits (0ms)
			SetupTypeCache (244ms)
			ReleaseScriptCaches (1ms)
			RebuildScriptCaches (35ms)
			SetupLoadedEditorAssemblies (268ms)
				LogAssemblyErrors (0ms)
				InitializePlatformSupportModulesInManaged (5ms)
				SetLoadedEditorAssemblies (0ms)
				RefreshPlugins (0ms)
				BeforeProcessingInitializeOnLoad (85ms)
				ProcessInitializeOnLoadAttributes (162ms)
				ProcessInitializeOnLoadMethodAttributes (8ms)
				AfterProcessingInitializeOnLoad (7ms)
				EditorAssembliesLoaded (0ms)
			ExecutionOrderSort2 (0ms)
			AwakeInstancesAfterBackupRestoration (6ms)
Platform modules already initialized, skipping
Refreshing native plugins compatible for Editor in 0.34 ms, found 2 plugins.
Preloading 0 native plugins for Editor in 0.00 ms.
Unloading 1548 Unused Serialized files (Serialized files now loaded: 0)
System memory in use before: 71.7 MB.
System memory in use after: 71.8 MB.

Unloading 11 unused Assets to reduce memory usage. Loaded Objects now: 2011.
Total: 2.395400 ms (FindLiveObjects: 0.147400 ms CreateObjectMapping: 0.048500 ms MarkObjects: 2.175700 ms  DeleteObjects: 0.022900 ms)

AssetImportParameters requested are different than current active one (requested -> active):
  custom:framework-win-MediaFoundation: 216162199b28c13a410421893ffa2e32 -> 
  custom:video-decoder-ogg-theora: a1e56fd34408186e4bbccfd4996cb3dc -> 
  custom:container-muxer-webm: aa71ff27fc2769a1b78a27578f13a17b -> 
  custom:container-demuxer-webm: 4f35f7cbe854078d1ac9338744f61a02 -> 
  custom:container-demuxer-ogg: 62fdf1f143b41e24485cea50d1cbac27 -> 
  custom:video-encoder-webm-vp8: eb34c28f22e8b96e1ab97ce403110664 -> 
  custom:video-decoder-webm-vp8: 9c59270c3fd7afecdb556c50c9e8de78 -> 
  custom:audio-decoder-ogg-vorbis: bf7c407c2cedff20999df2af8eb42d56 -> 
  custom:audio-encoder-webm-vorbis: bf7c407c2cedff20999df2af8eb42d56 -> 
========================================================================
Received Import Request.
  Time since last request: 672.562678 seconds.
  path: Assets/_CompletedAssets/Scripts/MaquinaDeEstado/ControladorNavMesh.cs
  artifactKey: Guid(3c33d18d37bff76499f640293577d5f8) Importer(815301076,1909f56bfc062723c751e8b465ee728b)
Start importing Assets/_CompletedAssets/Scripts/MaquinaDeEstado/ControladorNavMesh.cs using Guid(3c33d18d37bff76499f640293577d5f8) Importer(815301076,1909f56bfc062723c751e8b465ee728b)  -> (artifact id: 'e9ae145776b91e683b82261940b68313') in 0.007926 seconds 
========================================================================
Received Prepare
Registering precompiled user dll's ...
Registered in 0.003250 seconds.
Begin MonoManager ReloadAssembly
Symbol file LoadedFromMemory doesn't match image C:\Users\juanc\OTRA VEZ\Library\PackageCache\com.unity.collab-proxy@1.15.15\Lib\Editor\PlasticSCM\unityplastic.dll
Native extension for WindowsStandalone target not found
Native extension for WebGL target not found
Refreshing native plugins compatible for Editor in 0.35 ms, found 2 plugins.
Preloading 0 native plugins for Editor in 0.00 ms.
Mono: successfully reloaded assembly
- Completed reload, in  0.890 seconds
Domain Reload Profiling:
	ReloadAssembly (890ms)
		BeginReloadAssembly (111ms)
			ExecutionOrderSort (0ms)
			DisableScriptedObjects (5ms)
			BackupInstance (0ms)
			ReleaseScriptingObjects (0ms)
			CreateAndSetChildDomain (30ms)
		EndReloadAssembly (719ms)
			LoadAssemblies (95ms)
			RebuildTransferFunctionScriptingTraits (0ms)
			SetupTypeCache (244ms)
			ReleaseScriptCaches (1ms)
			RebuildScriptCaches (35ms)
			SetupLoadedEditorAssemblies (269ms)
				LogAssemblyErrors (0ms)
				InitializePlatformSupportModulesInManaged (5ms)
				SetLoadedEditorAssemblies (0ms)
				RefreshPlugins (0ms)
				BeforeProcessingInitializeOnLoad (84ms)
				ProcessInitializeOnLoadAttributes (162ms)
				ProcessInitializeOnLoadMethodAttributes (8ms)
				AfterProcessingInitializeOnLoad (7ms)
				EditorAssembliesLoaded (0ms)
			ExecutionOrderSort2 (0ms)
			AwakeInstancesAfterBackupRestoration (6ms)
Platform modules already initialized, skipping
Refreshing native plugins compatible for Editor in 0.41 ms, found 2 plugins.
Preloading 0 native plugins for Editor in 0.00 ms.
Unloading 1548 Unused Serialized files (Serialized files now loaded: 0)
System memory in use before: 71.7 MB.
System memory in use after: 71.8 MB.

Unloading 11 unused Assets to reduce memory usage. Loaded Objects now: 2014.
Total: 2.639000 ms (FindLiveObjects: 0.139200 ms CreateObjectMapping: 0.053300 ms MarkObjects: 2.427400 ms  DeleteObjects: 0.018400 ms)

AssetImportParameters requested are different than current active one (requested -> active):
  custom:framework-win-MediaFoundation: 216162199b28c13a410421893ffa2e32 -> 
  custom:video-decoder-ogg-theora: a1e56fd34408186e4bbccfd4996cb3dc -> 
  custom:container-muxer-webm: aa71ff27fc2769a1b78a27578f13a17b -> 
  custom:container-demuxer-webm: 4f35f7cbe854078d1ac9338744f61a02 -> 
  custom:container-demuxer-ogg: 62fdf1f143b41e24485cea50d1cbac27 -> 
  custom:video-encoder-webm-vp8: eb34c28f22e8b96e1ab97ce403110664 -> 
  custom:video-decoder-webm-vp8: 9c59270c3fd7afecdb556c50c9e8de78 -> 
  custom:audio-decoder-ogg-vorbis: bf7c407c2cedff20999df2af8eb42d56 -> 
  custom:audio-encoder-webm-vorbis: bf7c407c2cedff20999df2af8eb42d56 -> 
========================================================================
Received Import Request.
  Time since last request: 427.998179 seconds.
  path: Assets/_CompletedAssets/Scripts/MaquinaDeEstado/ControladorVision.cs
  artifactKey: Guid(0230d85eaed66204baa65ee3affe2863) Importer(815301076,1909f56bfc062723c751e8b465ee728b)
Start importing Assets/_CompletedAssets/Scripts/MaquinaDeEstado/ControladorVision.cs using Guid(0230d85eaed66204baa65ee3affe2863) Importer(815301076,1909f56bfc062723c751e8b465ee728b)  -> (artifact id: '1e4ad5a41d83c6c48f3b988ceb660ec1') in 0.011036 seconds 
========================================================================
Received Prepare
Registering precompiled user dll's ...
Registered in 0.003161 seconds.
Begin MonoManager ReloadAssembly
Symbol file LoadedFromMemory doesn't match image C:\Users\juanc\OTRA VEZ\Library\PackageCache\com.unity.collab-proxy@1.15.15\Lib\Editor\PlasticSCM\unityplastic.dll
Native extension for WindowsStandalone target not found
Native extension for WebGL target not found
Refreshing native plugins compatible for Editor in 0.34 ms, found 2 plugins.
Preloading 0 native plugins for Editor in 0.00 ms.
Mono: successfully reloaded assembly
- Completed reload, in  0.889 seconds
Domain Reload Profiling:
	ReloadAssembly (890ms)
		BeginReloadAssembly (111ms)
			ExecutionOrderSort (0ms)
			DisableScriptedObjects (5ms)
			BackupInstance (0ms)
			ReleaseScriptingObjects (0ms)
			CreateAndSetChildDomain (29ms)
		EndReloadAssembly (721ms)
			LoadAssemblies (97ms)
			RebuildTransferFunctionScriptingTraits (0ms)
			SetupTypeCache (247ms)
			ReleaseScriptCaches (1ms)
			RebuildScriptCaches (35ms)
			SetupLoadedEditorAssemblies (266ms)
				LogAssemblyErrors (0ms)
				InitializePlatformSupportModulesInManaged (5ms)
				SetLoadedEditorAssemblies (0ms)
				RefreshPlugins (0ms)
				BeforeProcessingInitializeOnLoad (81ms)
				ProcessInitializeOnLoadAttributes (164ms)
				ProcessInitializeOnLoadMethodAttributes (7ms)
				AfterProcessingInitializeOnLoad (7ms)
				EditorAssembliesLoaded (0ms)
			ExecutionOrderSort2 (0ms)
			AwakeInstancesAfterBackupRestoration (6ms)
Platform modules already initialized, skipping
Refreshing native plugins compatible for Editor in 0.38 ms, found 2 plugins.
Preloading 0 native plugins for Editor in 0.00 ms.
Unloading 1548 Unused Serialized files (Serialized files now loaded: 0)
System memory in use before: 71.7 MB.
System memory in use after: 71.8 MB.

Unloading 11 unused Assets to reduce memory usage. Loaded Objects now: 2017.
Total: 2.440600 ms (FindLiveObjects: 0.120800 ms CreateObjectMapping: 0.044300 ms MarkObjects: 2.256200 ms  DeleteObjects: 0.018800 ms)

AssetImportParameters requested are different than current active one (requested -> active):
  custom:framework-win-MediaFoundation: 216162199b28c13a410421893ffa2e32 -> 
  custom:video-decoder-ogg-theora: a1e56fd34408186e4bbccfd4996cb3dc -> 
  custom:container-muxer-webm: aa71ff27fc2769a1b78a27578f13a17b -> 
  custom:container-demuxer-webm: 4f35f7cbe854078d1ac9338744f61a02 -> 
  custom:container-demuxer-ogg: 62fdf1f143b41e24485cea50d1cbac27 -> 
  custom:video-encoder-webm-vp8: eb34c28f22e8b96e1ab97ce403110664 -> 
  custom:video-decoder-webm-vp8: 9c59270c3fd7afecdb556c50c9e8de78 -> 
  custom:audio-decoder-ogg-vorbis: bf7c407c2cedff20999df2af8eb42d56 -> 
  custom:audio-encoder-webm-vorbis: bf7c407c2cedff20999df2af8eb42d56 -> 
========================================================================
Received Prepare
Registering precompiled user dll's ...
Registered in 0.003160 seconds.
Begin MonoManager ReloadAssembly
Symbol file LoadedFromMemory doesn't match image C:\Users\juanc\OTRA VEZ\Library\PackageCache\com.unity.collab-proxy@1.15.15\Lib\Editor\PlasticSCM\unityplastic.dll
Native extension for WindowsStandalone target not found
Native extension for WebGL target not found
Refreshing native plugins compatible for Editor in 0.34 ms, found 2 plugins.
Preloading 0 native plugins for Editor in 0.00 ms.
Mono: successfully reloaded assembly
- Completed reload, in  0.866 seconds
Domain Reload Profiling:
	ReloadAssembly (867ms)
		BeginReloadAssembly (106ms)
			ExecutionOrderSort (0ms)
			DisableScriptedObjects (4ms)
			BackupInstance (0ms)
			ReleaseScriptingObjects (0ms)
			CreateAndSetChildDomain (28ms)
		EndReloadAssembly (702ms)
			LoadAssemblies (94ms)
			RebuildTransferFunctionScriptingTraits (0ms)
			SetupTypeCache (237ms)
			ReleaseScriptCaches (1ms)
			RebuildScriptCaches (34ms)
			SetupLoadedEditorAssemblies (260ms)
				LogAssemblyErrors (0ms)
				InitializePlatformSupportModulesInManaged (6ms)
				SetLoadedEditorAssemblies (0ms)
				RefreshPlugins (0ms)
				BeforeProcessingInitializeOnLoad (80ms)
				ProcessInitializeOnLoadAttributes (160ms)
				ProcessInitializeOnLoadMethodAttributes (7ms)
				AfterProcessingInitializeOnLoad (7ms)
				EditorAssembliesLoaded (0ms)
			ExecutionOrderSort2 (0ms)
			AwakeInstancesAfterBackupRestoration (6ms)
Platform modules already initialized, skipping
Refreshing native plugins compatible for Editor in 0.33 ms, found 2 plugins.
Preloading 0 native plugins for Editor in 0.00 ms.
Unloading 1548 Unused Serialized files (Serialized files now loaded: 0)
System memory in use before: 71.7 MB.
System memory in use after: 71.8 MB.

Unloading 11 unused Assets to reduce memory usage. Loaded Objects now: 2020.
Total: 2.416900 ms (FindLiveObjects: 0.122000 ms CreateObjectMapping: 0.045000 ms MarkObjects: 2.231800 ms  DeleteObjects: 0.017500 ms)

AssetImportParameters requested are different than current active one (requested -> active):
  custom:framework-win-MediaFoundation: 216162199b28c13a410421893ffa2e32 -> 
  custom:video-decoder-ogg-theora: a1e56fd34408186e4bbccfd4996cb3dc -> 
  custom:container-muxer-webm: aa71ff27fc2769a1b78a27578f13a17b -> 
  custom:container-demuxer-webm: 4f35f7cbe854078d1ac9338744f61a02 -> 
  custom:container-demuxer-ogg: 62fdf1f143b41e24485cea50d1cbac27 -> 
  custom:video-encoder-webm-vp8: eb34c28f22e8b96e1ab97ce403110664 -> 
  custom:video-decoder-webm-vp8: 9c59270c3fd7afecdb556c50c9e8de78 -> 
  custom:audio-decoder-ogg-vorbis: bf7c407c2cedff20999df2af8eb42d56 -> 
  custom:audio-encoder-webm-vorbis: bf7c407c2cedff20999df2af8eb42d56 -> 
========================================================================
Received Prepare
Registering precompiled user dll's ...
Registered in 0.002963 seconds.
Begin MonoManager ReloadAssembly
Symbol file LoadedFromMemory doesn't match image C:\Users\juanc\OTRA VEZ\Library\PackageCache\com.unity.collab-proxy@1.15.15\Lib\Editor\PlasticSCM\unityplastic.dll
Native extension for WindowsStandalone target not found
Native extension for WebGL target not found
Refreshing native plugins compatible for Editor in 0.34 ms, found 2 plugins.
Preloading 0 native plugins for Editor in 0.00 ms.
Mono: successfully reloaded assembly
- Completed reload, in  0.842 seconds
Domain Reload Profiling:
	ReloadAssembly (842ms)
		BeginReloadAssembly (99ms)
			ExecutionOrderSort (0ms)
			DisableScriptedObjects (4ms)
			BackupInstance (0ms)
			ReleaseScriptingObjects (0ms)
			CreateAndSetChildDomain (24ms)
		EndReloadAssembly (686ms)
			LoadAssemblies (87ms)
			RebuildTransferFunctionScriptingTraits (0ms)
			SetupTypeCache (234ms)
			ReleaseScriptCaches (1ms)
			RebuildScriptCaches (33ms)
			SetupLoadedEditorAssemblies (257ms)
				LogAssemblyErrors (0ms)
				InitializePlatformSupportModulesInManaged (6ms)
				SetLoadedEditorAssemblies (0ms)
				RefreshPlugins (0ms)
				BeforeProcessingInitializeOnLoad (74ms)
				ProcessInitializeOnLoadAttributes (161ms)
				ProcessInitializeOnLoadMethodAttributes (7ms)
				AfterProcessingInitializeOnLoad (7ms)
				EditorAssembliesLoaded (0ms)
			ExecutionOrderSort2 (0ms)
			AwakeInstancesAfterBackupRestoration (6ms)
Platform modules already initialized, skipping
Refreshing native plugins compatible for Editor in 0.33 ms, found 2 plugins.
Preloading 0 native plugins for Editor in 0.00 ms.
Unloading 1548 Unused Serialized files (Serialized files now loaded: 0)
System memory in use before: 71.7 MB.
System memory in use after: 71.8 MB.

Unloading 11 unused Assets to reduce memory usage. Loaded Objects now: 2023.
Total: 2.360200 ms (FindLiveObjects: 0.118600 ms CreateObjectMapping: 0.043200 ms MarkObjects: 2.172700 ms  DeleteObjects: 0.025100 ms)

AssetImportParameters requested are different than current active one (requested -> active):
  custom:framework-win-MediaFoundation: 216162199b28c13a410421893ffa2e32 -> 
  custom:video-decoder-ogg-theora: a1e56fd34408186e4bbccfd4996cb3dc -> 
  custom:container-muxer-webm: aa71ff27fc2769a1b78a27578f13a17b -> 
  custom:container-demuxer-webm: 4f35f7cbe854078d1ac9338744f61a02 -> 
  custom:container-demuxer-ogg: 62fdf1f143b41e24485cea50d1cbac27 -> 
  custom:video-encoder-webm-vp8: eb34c28f22e8b96e1ab97ce403110664 -> 
  custom:video-decoder-webm-vp8: 9c59270c3fd7afecdb556c50c9e8de78 -> 
  custom:audio-decoder-ogg-vorbis: bf7c407c2cedff20999df2af8eb42d56 -> 
  custom:audio-encoder-webm-vorbis: bf7c407c2cedff20999df2af8eb42d56 -> 
========================================================================
Received Prepare
Registering precompiled user dll's ...
Registered in 0.003126 seconds.
Begin MonoManager ReloadAssembly
Symbol file LoadedFromMemory doesn't match image C:\Users\juanc\OTRA VEZ\Library\PackageCache\com.unity.collab-proxy@1.15.15\Lib\Editor\PlasticSCM\unityplastic.dll
Native extension for WindowsStandalone target not found
Native extension for WebGL target not found
Refreshing native plugins compatible for Editor in 0.34 ms, found 2 plugins.
Preloading 0 native plugins for Editor in 0.00 ms.
Mono: successfully reloaded assembly
- Completed reload, in  1.207 seconds
Domain Reload Profiling:
	ReloadAssembly (1207ms)
		BeginReloadAssembly (189ms)
			ExecutionOrderSort (0ms)
			DisableScriptedObjects (6ms)
			BackupInstance (0ms)
			ReleaseScriptingObjects (0ms)
			CreateAndSetChildDomain (39ms)
		EndReloadAssembly (902ms)
			LoadAssemblies (133ms)
			RebuildTransferFunctionScriptingTraits (0ms)
			SetupTypeCache (304ms)
			ReleaseScriptCaches (1ms)
			RebuildScriptCaches (36ms)
			SetupLoadedEditorAssemblies (365ms)
				LogAssemblyErrors (0ms)
				InitializePlatformSupportModulesInManaged (5ms)
				SetLoadedEditorAssemblies (0ms)
				RefreshPlugins (0ms)
				BeforeProcessingInitializeOnLoad (95ms)
				ProcessInitializeOnLoadAttributes (232ms)
				ProcessInitializeOnLoadMethodAttributes (25ms)
				AfterProcessingInitializeOnLoad (8ms)
				EditorAssembliesLoaded (0ms)
			ExecutionOrderSort2 (0ms)
			AwakeInstancesAfterBackupRestoration (6ms)
Platform modules already initialized, skipping
Refreshing native plugins compatible for Editor in 0.53 ms, found 2 plugins.
Preloading 0 native plugins for Editor in 0.00 ms.
Unloading 1548 Unused Serialized files (Serialized files now loaded: 0)
System memory in use before: 71.7 MB.
System memory in use after: 71.8 MB.

Unloading 11 unused Assets to reduce memory usage. Loaded Objects now: 2026.
Total: 5.574500 ms (FindLiveObjects: 0.285700 ms CreateObjectMapping: 0.088200 ms MarkObjects: 5.158400 ms  DeleteObjects: 0.040500 ms)

AssetImportParameters requested are different than current active one (requested -> active):
  custom:framework-win-MediaFoundation: 216162199b28c13a410421893ffa2e32 -> 
  custom:video-decoder-ogg-theora: a1e56fd34408186e4bbccfd4996cb3dc -> 
  custom:container-muxer-webm: aa71ff27fc2769a1b78a27578f13a17b -> 
  custom:container-demuxer-webm: 4f35f7cbe854078d1ac9338744f61a02 -> 
  custom:container-demuxer-ogg: 62fdf1f143b41e24485cea50d1cbac27 -> 
  custom:video-encoder-webm-vp8: eb34c28f22e8b96e1ab97ce403110664 -> 
  custom:video-decoder-webm-vp8: 9c59270c3fd7afecdb556c50c9e8de78 -> 
  custom:audio-decoder-ogg-vorbis: bf7c407c2cedff20999df2af8eb42d56 -> 
  custom:audio-encoder-webm-vorbis: bf7c407c2cedff20999df2af8eb42d56 -> 
========================================================================
Received Prepare
Registering precompiled user dll's ...
Registered in 0.003575 seconds.
Begin MonoManager ReloadAssembly
Symbol file LoadedFromMemory doesn't match image C:\Users\juanc\OTRA VEZ\Library\PackageCache\com.unity.collab-proxy@1.15.15\Lib\Editor\PlasticSCM\unityplastic.dll
Native extension for WindowsStandalone target not found
Native extension for WebGL target not found
Refreshing native plugins compatible for Editor in 0.34 ms, found 2 plugins.
Preloading 0 native plugins for Editor in 0.00 ms.
Mono: successfully reloaded assembly
- Completed reload, in  0.859 seconds
Domain Reload Profiling:
	ReloadAssembly (860ms)
		BeginReloadAssembly (108ms)
			ExecutionOrderSort (0ms)
			DisableScriptedObjects (5ms)
			BackupInstance (0ms)
			ReleaseScriptingObjects (0ms)
			CreateAndSetChildDomain (28ms)
		EndReloadAssembly (693ms)
			LoadAssemblies (92ms)
			RebuildTransferFunctionScriptingTraits (0ms)
			SetupTypeCache (234ms)
			ReleaseScriptCaches (1ms)
			RebuildScriptCaches (35ms)
			SetupLoadedEditorAssemblies (254ms)
				LogAssemblyErrors (0ms)
				InitializePlatformSupportModulesInManaged (5ms)
				SetLoadedEditorAssemblies (0ms)
				RefreshPlugins (0ms)
				BeforeProcessingInitializeOnLoad (78ms)
				ProcessInitializeOnLoadAttributes (157ms)
				ProcessInitializeOnLoadMethodAttributes (7ms)
				AfterProcessingInitializeOnLoad (7ms)
				EditorAssembliesLoaded (0ms)
			ExecutionOrderSort2 (0ms)
			AwakeInstancesAfterBackupRestoration (6ms)
Platform modules already initialized, skipping
Refreshing native plugins compatible for Editor in 0.34 ms, found 2 plugins.
Preloading 0 native plugins for Editor in 0.00 ms.
Unloading 1548 Unused Serialized files (Serialized files now loaded: 0)
System memory in use before: 71.7 MB.
System memory in use after: 71.8 MB.

Unloading 11 unused Assets to reduce memory usage. Loaded Objects now: 2029.
Total: 2.453500 ms (FindLiveObjects: 0.122100 ms CreateObjectMapping: 0.043400 ms MarkObjects: 2.268000 ms  DeleteObjects: 0.019500 ms)

AssetImportParameters requested are different than current active one (requested -> active):
  custom:framework-win-MediaFoundation: 216162199b28c13a410421893ffa2e32 -> 
  custom:video-decoder-ogg-theora: a1e56fd34408186e4bbccfd4996cb3dc -> 
  custom:container-muxer-webm: aa71ff27fc2769a1b78a27578f13a17b -> 
  custom:container-demuxer-webm: 4f35f7cbe854078d1ac9338744f61a02 -> 
  custom:container-demuxer-ogg: 62fdf1f143b41e24485cea50d1cbac27 -> 
  custom:video-encoder-webm-vp8: eb34c28f22e8b96e1ab97ce403110664 -> 
  custom:video-decoder-webm-vp8: 9c59270c3fd7afecdb556c50c9e8de78 -> 
  custom:audio-decoder-ogg-vorbis: bf7c407c2cedff20999df2af8eb42d56 -> 
  custom:audio-encoder-webm-vorbis: bf7c407c2cedff20999df2af8eb42d56 -> 
AssetImportWorkerClient::OnTransportError - code=2 error=End of file
